Log file open, 10/06/18 22:39:19
LogWindows: Failed to load 'aqProf.dll' (GetLastError=126)
LogWindows: File 'aqProf.dll' does not exist
LogWindows: Failed to load 'VSPerf140.dll' (GetLastError=126)
LogWindows: File 'VSPerf140.dll' does not exist
LogWindows: Failed to load 'VtuneApi.dll' (GetLastError=126)
LogWindows: File 'VtuneApi.dll' does not exist
LogWindows: Failed to load 'VtuneApi32e.dll' (GetLastError=126)
LogWindows: File 'VtuneApi32e.dll' does not exist
LogInit: Display: Running engine for game: biopunchteam_01
LogPlatformFile: Not using cached read wrapper
LogTaskGraph: Started task graph with 5 named threads and 11 total threads with 3 sets of task threads.
LogStats: Stats thread started at 0.255951
LogD3D11RHI: Loaded GFSDK_Aftermath_Lib.x64.dll
LogICUInternationalization: Display: ICU TimeZone Detection - Raw Offset: -5:00, Platform Override: ''
LogPluginManager: Mounting plugin Paper2D
LogPluginManager: Mounting plugin AISupport
LogPluginManager: Mounting plugin LightPropagationVolume
LogPluginManager: Mounting plugin CLionSourceCodeAccess
LogPluginManager: Mounting plugin CodeLiteSourceCodeAccess
LogPluginManager: Mounting plugin GitSourceControl
LogPluginManager: Mounting plugin KDevelopSourceCodeAccess
LogPluginManager: Mounting plugin NullSourceCodeAccess
LogPluginManager: Mounting plugin PerforceSourceControl
LogPluginManager: Mounting plugin SubversionSourceControl
LogPluginManager: Mounting plugin UObjectPlugin
LogPluginManager: Mounting plugin VisualStudioCodeSourceCodeAccess
LogPluginManager: Mounting plugin VisualStudioSourceCodeAccess
LogPluginManager: Mounting plugin XCodeSourceCodeAccess
LogPluginManager: Mounting plugin AssetManagerEditor
LogPluginManager: Mounting plugin CryptoKeys
LogPluginManager: Mounting plugin DataValidation
LogPluginManager: Mounting plugin FacialAnimation
LogPluginManager: Mounting plugin GameplayTagsEditor
LogPluginManager: Mounting plugin MacGraphicsSwitching
LogPluginManager: Mounting plugin MeshEditor
LogPluginManager: Mounting plugin MobileLauncherProfileWizard
LogPluginManager: Mounting plugin PluginBrowser
LogPluginManager: Mounting plugin SpeedTreeImporter
LogPluginManager: Mounting plugin DatasmithContent
LogPluginManager: Mounting plugin AlembicImporter
LogPluginManager: Mounting plugin AppleImageUtils
LogPluginManager: Mounting plugin AppleVision
LogPluginManager: Mounting plugin BackChannel
LogPluginManager: Mounting plugin CharacterAI
LogPluginManager: Mounting plugin GeometryCache
LogPluginManager: Mounting plugin HTML5Networking
LogPluginManager: Mounting plugin ProxyLODPlugin
LogPluginManager: Mounting plugin MagicLeap
LogPluginManager: Mounting plugin MagicLeapEmulator
LogPluginManager: Mounting plugin MagicLeapMedia
LogPluginManager: Mounting plugin AndroidMedia
LogPluginManager: Mounting plugin AvfMedia
LogPluginManager: Mounting plugin ImgMedia
LogPluginManager: Mounting plugin LinearTimecode
LogPluginManager: Mounting plugin MediaCompositing
LogPluginManager: Mounting plugin MediaPlayerEditor
LogPluginManager: Mounting plugin WmfMedia
LogPluginManager: Mounting plugin TcpMessaging
LogPluginManager: Mounting plugin UdpMessaging
LogPluginManager: Mounting plugin ActorSequence
LogPluginManager: Mounting plugin LevelSequenceEditor
LogPluginManager: Mounting plugin MatineeToLevelSequence
LogPluginManager: Mounting plugin NetcodeUnitTest
LogPluginManager: Mounting plugin NUTUnrealEngine4
LogPluginManager: Mounting plugin OnlineSubsystemGooglePlay
LogPluginManager: Mounting plugin OnlineSubsystemIOS
LogPluginManager: Mounting plugin OnlineSubsystem
LogPluginManager: Mounting plugin OnlineSubsystemNull
LogPluginManager: Mounting plugin OnlineSubsystemUtils
LogPluginManager: Mounting plugin LauncherChunkInstaller
LogPluginManager: Mounting plugin AndroidDeviceProfileSelector
LogPluginManager: Mounting plugin AndroidMoviePlayer
LogPluginManager: Mounting plugin AndroidPermission
LogPluginManager: Mounting plugin AppleMoviePlayer
LogPluginManager: Mounting plugin ArchVisCharacter
LogPluginManager: Mounting plugin AudioCapture
LogPluginManager: Mounting plugin CableComponent
LogPluginManager: Mounting plugin CustomMeshComponent
LogPluginManager: Mounting plugin EditableMesh
LogPluginManager: Mounting plugin ExampleDeviceProfileSelector
LogPluginManager: Mounting plugin GoogleCloudMessaging
LogPluginManager: Mounting plugin ImmediatePhysics
LogPluginManager: Mounting plugin IOSDeviceProfileSelector
LogPluginManager: Mounting plugin LinuxDeviceProfileSelector
LogPluginManager: Mounting plugin LocationServicesBPLibrary
LogPluginManager: Mounting plugin MobilePatchingUtils
LogPluginManager: Mounting plugin OculusVR
LogPluginManager: Plugin shader directory ../../../Engine/Plugins/Runtime/Oculus/OculusVR/Shaders found
LogPluginManager: Mapping shader source directory ../../../Engine/Plugins/Runtime/Oculus/OculusVR/Shaders to virtual directory /Plugin/OculusVR
LogPluginManager: Mounting plugin PhysXVehicles
LogPluginManager: Mounting plugin ProceduralMeshComponent
LogPluginManager: Mounting plugin RuntimePhysXCooking
LogPluginManager: Mounting plugin SteamVR
LogPluginManager: Mounting plugin WindowsMoviePlayer
LogStreaming: Display: Took  0.205s to configure plugins.
LogInit: Using libcurl 7.55.1-DEV
LogInit:  - built for x86_64-pc-win32
LogInit:  - supports SSL with OpenSSL/1.0.2h
LogInit:  - supports HTTP deflate (compression) using libz 1.2.8
LogInit:  - other features:
LogInit:      CURL_VERSION_SSL
LogInit:      CURL_VERSION_LIBZ
LogInit:      CURL_VERSION_IPV6
LogInit:      CURL_VERSION_ASYNCHDNS
LogInit:      CURL_VERSION_LARGEFILE
LogInit:      CURL_VERSION_IDN
LogInit:  CurlRequestOptions (configurable via config and command line):
LogInit:  - bVerifyPeer = false  - Libcurl will NOT verify peer certificate
LogInit:  - bUseHttpProxy = false  - Libcurl will NOT use HTTP proxy
LogInit:  - bDontReuseConnections = false  - Libcurl will reuse connections
LogInit:  - CertBundlePath = nullptr  - Libcurl will use whatever was configured at build time.
LogInit:  - MaxHostConnections = 16  - Libcurl will limit the number of connections to a host
LogInit:  - LocalHostAddr = Default
LogInit:  - BufferSize = 65536
LogInit: WinSock: version 1.1 (2.2), MaxSocks=32767, MaxUdp=65467
LogInit: Build: ++UE4+Release-4.20-CL-4369336
LogInit: Engine Version: 4.20.3-4369336+++UE4+Release-4.20
LogInit: Compatible Engine Version: 4.20.0-4212847+++UE4+Release-4.20
LogInit: Net CL: 4212847
LogInit: OS: Windows 7 (Service Pack 1), CPU: Intel(R) Core(TM) i5-5200U CPU @ 2.20GHz, GPU: Intel(R) HD Graphics 5500
LogInit: Compiled (64-bit): Sep 17 2018 12:26:19
LogInit: Compiled with Visual C++: 19.13.26129.00
LogInit: Build Configuration: Development
LogInit: Branch Name: ++UE4+Release-4.20
LogInit: Command Line:  
LogInit: Base Directory: C:/Program Files/Epic Games/UE_4.20/Engine/Binaries/Win64/
LogInit: Installed Engine Build: 1
LogDevObjectVersion: Number of dev versions registered: 20
LogDevObjectVersion:   Dev-Blueprints (B0D832E4-1F89-4F0D-ACCF-7EB736FD4AA2): 10
LogDevObjectVersion:   Dev-Build (E1C64328-A22C-4D53-A36C-8E866417BD8C): 0
LogDevObjectVersion:   Dev-Core (375EC13C-06E4-48FB-B500-84F0262A717E): 2
LogDevObjectVersion:   Dev-Editor (E4B068ED-F494-42E9-A231-DA0B2E46BB41): 24
LogDevObjectVersion:   Dev-Framework (CFFC743F-43B0-4480-9391-14DF171D2073): 34
LogDevObjectVersion:   Dev-Mobile (B02B49B5-BB20-44E9-A304-32B752E40360): 2
LogDevObjectVersion:   Dev-Networking (A4E4105C-59A1-49B5-A7C5-40C4547EDFEE): 0
LogDevObjectVersion:   Dev-Online (39C831C9-5AE6-47DC-9A44-9C173E1C8E7C): 0
LogDevObjectVersion:   Dev-Physics (78F01B33-EBEA-4F98-B9B4-84EACCB95AA2): 0
LogDevObjectVersion:   Dev-Platform (6631380F-2D4D-43E0-8009-CF276956A95A): 0
LogDevObjectVersion:   Dev-Rendering (12F88B9F-8875-4AFC-A67C-D90C383ABD29): 26
LogDevObjectVersion:   Dev-Sequencer (7B5AE74C-D270-4C10-A958-57980B212A5A): 9
LogDevObjectVersion:   Dev-VR (D7296918-1DD6-4BDD-9DE2-64A83CC13884): 2
LogDevObjectVersion:   Dev-LoadTimes (C2A15278-BFE7-4AFE-6C17-90FF531DF755): 1
LogDevObjectVersion:   Private-Geometry (6EACA3D4-40EC-4CC1-B786-8BED09428FC5): 3
LogDevObjectVersion:   Dev-AnimPhys (29E575DD-E0A3-4627-9D10-D276232CDCEA): 17
LogDevObjectVersion:   Dev-ReflectionCapture (6B266CEC-1EC7-4B8F-A30B-E4D90942FC07): 1
LogDevObjectVersion:   Dev-Automation (0DF73D61-A23F-47EA-B727-89E90C41499A): 1
LogDevObjectVersion:   FortniteMain (601D1886-AC64-4F84-AA16-D3DE0DEAC7D6): 12
LogDevObjectVersion:   Dev-Enterprise (9DFFBCD6-494F-0158-E221-12823C92A888): 1
LogStreaming: Display: Took  0.002s to delete old logs.
LogInit: Presizing for max 8388607 objects, including 0 objects not considered by GC, pre-allocating 0 bytes for permanent pool.
LogInit: Object subsystem initialized
[2018.10.07-02.39.19:991][  0]LogInit: Selected Device Profile: [Windows]
[2018.10.07-02.39.19:991][  0]LogInit: Applying CVar settings loaded from the selected device profile: [Windows]
[2018.10.07-02.39.20:018][  0]LogHAL: Display: Platform has ~ 8 GB [8505446400 / 8589934592 / 8], which maps to Default [LargestMinGB=32, LargerMinGB=12, DefaultMinGB=8, SmallerMinGB=6, SmallestMinGB=0)
[2018.10.07-02.39.20:019][  0]LogInit: Setting Device Profile CVar: [[r.Vulkan.UseRealUBs:1]]
[2018.10.07-02.39.20:019][  0]LogInit: Going up to parent DeviceProfile []
[2018.10.07-02.39.20:027][  0]LogInit: Computer: THE-BIRD
[2018.10.07-02.39.20:027][  0]LogInit: User: Catherine
[2018.10.07-02.39.20:027][  0]LogInit: CPU Page size=4096, Cores=2
[2018.10.07-02.39.20:027][  0]LogInit: High frequency timer resolution =2.143505 MHz
[2018.10.07-02.39.20:027][  0]LogMemory: Memory total: Physical=7.9GB (8GB approx)
[2018.10.07-02.39.20:027][  0]LogMemory: Platform Memory Stats for Windows
[2018.10.07-02.39.20:027][  0]LogMemory: Process Physical Memory: 101.42 MB used, 101.42 MB peak
[2018.10.07-02.39.20:027][  0]LogMemory: Process Virtual Memory: 93.15 MB used, 93.15 MB peak
[2018.10.07-02.39.20:027][  0]LogMemory: Physical Memory: 5653.38 MB used,  2458.05 MB free, 8111.43 MB total
[2018.10.07-02.39.20:027][  0]LogMemory: Virtual Memory: 479.19 MB used,  2458.05 MB free, 8388608.00 MB total
[2018.10.07-02.39.20:102][  0]LogInit: Using OS detected language (fr-CA).
[2018.10.07-02.39.20:102][  0]LogInit: Using OS detected locale (fr-CA).
[2018.10.07-02.39.20:103][  0]LogTextLocalizationManager: No specific localization for 'fr-CA' exists, so the 'fr' localization will be used.
[2018.10.07-02.39.20:156][  0]LogStreaming: Display: Took  0.054s to InitEngineTextLocalization.
[2018.10.07-02.39.20:156][  0]LogWindows: Failed to load 'shcore.dll' (GetLastError=126)
[2018.10.07-02.39.20:156][  0]LogWindows: File 'shcore.dll' does not exist
[2018.10.07-02.39.20:156][  0]LogInit: Setting process to DPI aware
[2018.10.07-02.39.20:375][  0]LogSlate: New Slate User Created.  User Index 0, Is Virtual User: 0
[2018.10.07-02.39.20:376][  0]LogSlate: Slate User Registered.  User Index 0, Is Virtual User: 0
[2018.10.07-02.39.24:531][  0]LogHMD: Failed to initialize OpenVR with code 110
[2018.10.07-02.39.24:531][  0]LogD3D11RHI: D3D11 adapters:
[2018.10.07-02.39.24:581][  0]LogD3D11RHI:    0. 'NVIDIA GeForce 840M' (Feature Level 11_0)
[2018.10.07-02.39.24:581][  0]LogD3D11RHI:       1995/0/3799 MB DedicatedVideo/DedicatedSystem/SharedSystem, Outputs:1, VendorId:0x10de
[2018.10.07-02.39.24:621][  0]LogD3D11RHI:    1. 'NVIDIA GeForce 840M' (Feature Level 11_0)
[2018.10.07-02.39.24:621][  0]LogD3D11RHI:       1995/0/3799 MB DedicatedVideo/DedicatedSystem/SharedSystem, Outputs:0, VendorId:0x10de
[2018.10.07-02.39.24:622][  0]LogD3D11RHI: Chosen D3D11 Adapter: 0
[2018.10.07-02.39.24:631][  0]LogD3D11RHI: Creating new Direct3DDevice
[2018.10.07-02.39.24:631][  0]LogD3D11RHI:     GPU DeviceId: 0x1341 (for the marketing name, search the web for "GPU Device Id")
[2018.10.07-02.39.24:631][  0]LogWindows: EnumDisplayDevices:
[2018.10.07-02.39.24:631][  0]LogWindows:    0. 'Intel(R) HD Graphics 5500' (P:1 D:1)
[2018.10.07-02.39.24:632][  0]LogWindows:    1. 'Intel(R) HD Graphics 5500' (P:0 D:0)
[2018.10.07-02.39.24:632][  0]LogWindows:    2. 'Intel(R) HD Graphics 5500' (P:0 D:0)
[2018.10.07-02.39.24:632][  0]LogWindows:    3. 'NVIDIA GeForce 840M' (P:0 D:0)
[2018.10.07-02.39.24:632][  0]LogWindows:    4. 'RDPDD Chained DD' (P:0 D:0)
[2018.10.07-02.39.24:632][  0]LogWindows:    5. 'RDP Encoder Mirror Driver' (P:0 D:0)
[2018.10.07-02.39.24:633][  0]LogWindows:    6. 'RDP Reflector Display Driver' (P:0 D:0)
[2018.10.07-02.39.24:633][  0]LogWindows: DebugString: PrimaryIsNotTheChoosenAdapter PrimaryIsNotTheChoosenAdapter PrimaryIsNotTheChoosenAdapter GetVideoDriverDetailsInvalid PrimaryIsNotTheChoosenAdapter GetVideoDriverDetailsInvalid PrimaryIsNotTheChoosenAdapter GetVideoDriverDetailsInvalid PrimaryIsNotTheChoosenAdapter 
[2018.10.07-02.39.24:633][  0]LogD3D11RHI:     Adapter Name: NVIDIA GeForce 840M
[2018.10.07-02.39.24:633][  0]LogD3D11RHI:   Driver Version: 376.54 (internal:21.21.13.7654, unified:376.54)
[2018.10.07-02.39.24:633][  0]LogD3D11RHI:      Driver Date: 12-29-2016
[2018.10.07-02.39.24:633][  0]LogRHI: Texture pool is 1397 MB (70% of 1995 MB)
[2018.10.07-02.39.24:670][  0]LogD3D11RHI: Async texture creation enabled
[2018.10.07-02.39.24:690][  0]LogD3D11RHI: GPU Timing Frequency: 1000.000000 (Debug: 2 2)
[2018.10.07-02.39.24:691][  0]LogShaderCompilers: Guid format shader working directory is -14 characters bigger than the processId version (../../../../../../Users/Catherine/Documents/Git/biopunchteam_01/Intermediate/Shaders/WorkingDirectory/13116/).
[2018.10.07-02.39.24:691][  0]LogShaderCompilers: Cleaned the shader compiler working directory 'C:/Users/Catherine/AppData/Local/Temp/UnrealShaderWorkingDir/F00DDE894258AC97586A5A9861946744/'.
[2018.10.07-02.39.25:251][  0]LogTemp: Display: Loaded TP AllDesktopTargetPlatform
[2018.10.07-02.39.25:282][  0]LogTemp: Display: Loaded TP MacClientTargetPlatform
[2018.10.07-02.39.25:314][  0]LogTemp: Display: Loaded TP MacNoEditorTargetPlatform
[2018.10.07-02.39.25:341][  0]LogTemp: Display: Loaded TP MacServerTargetPlatform
[2018.10.07-02.39.25:430][  0]LogTemp: Display: Loaded TP MacTargetPlatform
[2018.10.07-02.39.25:458][  0]LogTemp: Display: Loaded TP WindowsClientTargetPlatform
[2018.10.07-02.39.25:481][  0]LogTemp: Display: Loaded TP WindowsNoEditorTargetPlatform
[2018.10.07-02.39.25:507][  0]LogTemp: Display: Loaded TP WindowsServerTargetPlatform
[2018.10.07-02.39.25:519][  0]LogTemp: Display: Loaded TP WindowsTargetPlatform
[2018.10.07-02.39.25:689][  0]LogTemp: Display: Loaded TP AndroidTargetPlatform
[2018.10.07-02.39.25:689][  0]LogTemp: Display: Loaded TP AndroidTargetPlatform
[2018.10.07-02.39.25:689][  0]LogTemp: Display: Loaded TP AndroidTargetPlatform
[2018.10.07-02.39.25:689][  0]LogTemp: Display: Loaded TP AndroidTargetPlatform
[2018.10.07-02.39.25:689][  0]LogTemp: Display: Loaded TP AndroidTargetPlatform
[2018.10.07-02.39.25:689][  0]LogTemp: Display: Loaded TP AndroidTargetPlatform
[2018.10.07-02.39.25:689][  0]LogTemp: Display: Loaded TP AndroidTargetPlatform
[2018.10.07-02.39.25:689][  0]LogTemp: Display: Loaded TP AndroidTargetPlatform
[2018.10.07-02.39.25:689][  0]LogTemp: Display: Loaded TP AndroidTargetPlatform
[2018.10.07-02.39.25:689][  0]LogTemp: Display: Loaded TP AndroidTargetPlatform
[2018.10.07-02.39.25:689][  0]LogTemp: Display: Loaded TP AndroidTargetPlatform
[2018.10.07-02.39.25:689][  0]LogTemp: Display: Loaded TP AndroidTargetPlatform
[2018.10.07-02.39.25:689][  0]LogTemp: Display: Loaded TP AndroidTargetPlatform
[2018.10.07-02.39.25:689][  0]LogTemp: Display: Loaded TP AndroidTargetPlatform
[2018.10.07-02.39.25:689][  0]LogTemp: Display: Loaded TP AndroidTargetPlatform
[2018.10.07-02.39.25:689][  0]LogTemp: Display: Loaded TP AndroidTargetPlatform
[2018.10.07-02.39.25:689][  0]LogTemp: Display: Loaded TP AndroidTargetPlatform
[2018.10.07-02.39.25:689][  0]LogTemp: Display: Loaded TP AndroidTargetPlatform
[2018.10.07-02.39.25:691][  0]LogTemp: Display: Loaded TP HTML5TargetPlatform
[2018.10.07-02.39.25:842][  0]LogTemp: Display: Loaded TP IOSTargetPlatform
[2018.10.07-02.39.25:842][  0]LogTemp: Display: Loaded TP IOSTargetPlatform
[2018.10.07-02.39.25:907][  0]LogTemp: Display: Loaded TP TVOSTargetPlatform
[2018.10.07-02.39.25:907][  0]LogTemp: Display: Loaded TP TVOSTargetPlatform
[2018.10.07-02.39.25:932][  0]LogTemp: Display: Loaded TP LinuxClientTargetPlatform
[2018.10.07-02.39.25:958][  0]LogTemp: Display: Loaded TP LinuxNoEditorTargetPlatform
[2018.10.07-02.39.25:982][  0]LogTemp: Display: Loaded TP LinuxServerTargetPlatform
[2018.10.07-02.39.26:021][  0]LogTemp: Display: Loaded TP LinuxTargetPlatform
[2018.10.07-02.39.26:035][  0]LogTemp: Display: Loaded TP LuminTargetPlatform
[2018.10.07-02.39.26:036][  0]LogTargetPlatformManager: Display: Building Assets For Windows
[2018.10.07-02.39.26:251][  0]LogXGEController: Cleaning working directory: C:/Users/Catherine/AppData/Local/Temp/UnrealXGEWorkingDir/
[2018.10.07-02.39.26:251][  0]LogXGEController: Cannot use XGE Controller as Incredibuild is not installed on this machine.
[2018.10.07-02.39.26:251][  0]LogShaderCompilers: Cannot use XGE Shader Compiler as Incredibuild is not installed on this machine.
[2018.10.07-02.39.26:251][  0]LogShaderCompilers: Display: Using Local Shader Compiler.
[2018.10.07-02.39.28:586][  0]LogDerivedDataCache: Display: Max Cache Size: 512 MB
[2018.10.07-02.39.30:082][  0]LogDerivedDataCache: Loaded boot cache 1.49s 87MB C:/Users/Catherine/AppData/Local/UnrealEngine/4.20/DerivedDataCache/Boot.ddc.
[2018.10.07-02.39.30:083][  0]LogDerivedDataCache: Display: Loaded Boot cache: C:/Users/Catherine/AppData/Local/UnrealEngine/4.20/DerivedDataCache/Boot.ddc
[2018.10.07-02.39.30:083][  0]LogDerivedDataCache: FDerivedDataBackendGraph:  Pak pak cache file ../../../../../../Users/Catherine/Documents/Git/biopunchteam_01/DerivedDataCache/DDC.ddp not found, will not use a pak cache.
[2018.10.07-02.39.30:083][  0]LogDerivedDataCache: Unable to find inner node Pak for hierarchical cache Hierarchy.
[2018.10.07-02.39.30:083][  0]LogDerivedDataCache: FDerivedDataBackendGraph:  CompressedPak pak cache file ../../../../../../Users/Catherine/Documents/Git/biopunchteam_01/DerivedDataCache/Compressed.ddp not found, will not use a pak cache.
[2018.10.07-02.39.30:083][  0]LogDerivedDataCache: Unable to find inner node CompressedPak for hierarchical cache Hierarchy.
[2018.10.07-02.39.30:113][  0]LogDerivedDataCache: Display: Pak cache opened for reading ../../../Engine/DerivedDataCache/Compressed.ddp.
[2018.10.07-02.39.30:125][  0]LogDerivedDataCache: Using Local data cache path C:/Users/Catherine/AppData/Local/UnrealEngine/Common/DerivedDataCache: Writable
[2018.10.07-02.39.30:125][  0]LogDerivedDataCache: Shared data cache path not found in *engine.ini, will not use an Shared cache.
[2018.10.07-02.39.30:125][  0]LogDerivedDataCache: Unable to find inner node Shared for hierarchical cache Hierarchy.
[2018.10.07-02.39.30:172][  0]LogMaterial: Verifying Global Shaders for PCD3D_SM5
[2018.10.07-02.39.30:174][  0]LogSlate: Using FreeType 2.6.0
[2018.10.07-02.39.30:223][  0]LogSlate: SlateFontServices - WITH_FREETYPE: 1, WITH_HARFBUZZ: 1
[2018.10.07-02.39.31:834][  0]LogAssetRegistry: FAssetRegistry took 0.0345 seconds to start up
[2018.10.07-02.39.32:630][  0]LogInit: Selected Device Profile: [Windows]
[2018.10.07-02.39.33:019][  0]LogSimplygon: Simplygon DLL not present - disabling.
[2018.10.07-02.39.33:024][  0]LogMeshReduction: Using SimplygonSwarm for distributed automatic mesh merging
[2018.10.07-02.39.33:024][  0]LogMeshReduction: Using ProxyLODMeshReduction for automatic mesh merging
[2018.10.07-02.39.33:024][  0]LogMeshReduction: Using QuadricMeshReduction for automatic static mesh reduction
[2018.10.07-02.39.33:024][  0]LogMeshReduction: No automatic skeletal mesh reduction module available
[2018.10.07-02.39.33:067][  0]LogNetVersion: biopunchteam_01 1.0.0, NetCL: 4212847, EngineNetVer: 5, GameNetVer: 0 (Checksum: 3490124615)
[2018.10.07-02.39.34:248][  0]LogPackageLocalizationCache: Processed 11 localized package path(s) for 2 prioritized culture(s) in 0.211821 seconds
[2018.10.07-02.39.34:266][  0]LogUObjectArray: 38425 objects as part of root set at end of initial load.
[2018.10.07-02.39.34:266][  0]LogUObjectAllocator: 6690872 out of 0 bytes used by permanent object pool.
[2018.10.07-02.39.34:266][  0]LogUObjectArray: CloseDisregardForGC: 0/0 objects in disregard for GC pool
[2018.10.07-02.39.53:007][  0]LogTcpMessaging: Initializing TcpMessaging bridge
[2018.10.07-02.39.53:024][  0]LogUdpMessaging: Initializing bridge on interface 0.0.0.0:0 to multicast group 230.0.0.1:6666.
[2018.10.07-02.39.53:380][  0]SourceControl: Source control is disabled
[2018.10.07-02.39.53:381][  0]SourceControl: Source control is disabled
[2018.10.07-02.39.53:382][  0]SourceControl: Source control is disabled
[2018.10.07-02.39.53:384][  0]SourceControl: Source control is disabled
[2018.10.07-02.39.53:969][  0]LogAndroidPermission: UAndroidPermissionCallbackProxy::GetInstance
[2018.10.07-02.39.54:482][  0]LogOcInput: OculusInput pre-init called
[2018.10.07-02.39.54:635][  0]LogEngine: Initializing Engine...
[2018.10.07-02.39.54:638][  0]LogHMD: Failed to initialize OpenVR with code 110
[2018.10.07-02.39.54:643][  0]LogStats: UGameplayTagsManager::ConstructGameplayTagTree: ImportINI prefixes -  0.000 s
[2018.10.07-02.39.54:643][  0]LogStats: UGameplayTagsManager::ConstructGameplayTagTree: Construct from data asset -  0.000 s
[2018.10.07-02.39.54:643][  0]LogStats: UGameplayTagsManager::ConstructGameplayTagTree: ImportINI -  0.000 s
[2018.10.07-02.39.54:643][  0]LogStats: UGameplayTagsManager::ConstructGameplayTagTree: GameplayTagTreeChangedEvent.Broadcast -  0.000 s
[2018.10.07-02.39.55:331][  0]LogInit: Initializing FReadOnlyCVARCache
[2018.10.07-02.39.55:363][  0]LogAIModule: Creating AISystem for world Untitled
[2018.10.07-02.39.55:413][  0]LogInit: XAudio2 using 'Haut-parleurs (Périphérique High Definition Audio)' : 2 channels at 44.1 kHz using 16 bits per sample (channel mask 0x3)
[2018.10.07-02.39.55:584][  0]LogInit: FAudioDevice initialized.
[2018.10.07-02.39.55:585][  0]LogNetVersion: Set ProjectVersion to 1.0.0.0. Version Checksum will be recalculated on next use.
[2018.10.07-02.39.55:835][  0]LogDerivedDataCache: Saved boot cache 0.25s 87MB C:/Users/Catherine/AppData/Local/UnrealEngine/4.20/DerivedDataCache/Boot.ddc.
[2018.10.07-02.39.55:845][  0]LogInit: Texture streaming: Enabled
[2018.10.07-02.39.55:879][  0]LogEngineSessionManager: EngineSessionManager initialized
[2018.10.07-02.39.55:897][  0]LogInit: Transaction tracking system initialized
[2018.10.07-02.39.55:944][  0]BlueprintLog: New page: Editor Load
[2018.10.07-02.39.56:135][  0]LocalizationService: Localization service is disabled
[2018.10.07-02.39.57:947][  0]LogCook: Display: Max memory allowance for cook 16384mb min free memory 0mb
[2018.10.07-02.39.57:947][  0]LogCook: Display: Mobile HDR setting 1
[2018.10.07-02.39.57:947][  0]LogGameplayTags: Display: UGameplayTagsManager::DoneAddingNativeTags. DelegateIsBound: 0
[2018.10.07-02.39.57:947][  0]LogStats: UGameplayTagsManager::ConstructGameplayTagTree: ImportINI prefixes -  0.000 s
[2018.10.07-02.39.57:947][  0]LogStats: UGameplayTagsManager::ConstructGameplayTagTree: Construct from data asset -  0.000 s
[2018.10.07-02.39.57:948][  0]LogStats: UGameplayTagsManager::ConstructGameplayTagTree: ImportINI -  0.000 s
[2018.10.07-02.39.57:948][  0]LogStats: UGameplayTagsManager::ConstructGameplayTagTree: GameplayTagTreeChangedEvent.Broadcast -  0.000 s
[2018.10.07-02.39.58:249][  0]LogFileCache: Scanning file cache for directory 'C:/Users/Catherine/Documents/Git/biopunchteam_01/Content/' took 0.02s
[2018.10.07-02.39.58:249][  0]SourceControl: Source control is disabled
[2018.10.07-02.39.58:250][  0]Cmd: MAP LOAD FILE="../../../../../../Users/Catherine/Documents/Git/biopunchteam_01/Content/Maps/MAP_Test.umap" TEMPLATE=0 SHOWPROGRESS=1 FEATURELEVEL=3
[2018.10.07-02.39.58:250][  0]LightingResults: New page: Lighting Build
[2018.10.07-02.39.58:255][  0]MapCheck: New page: Map Check
[2018.10.07-02.39.58:255][  0]LightingResults: New page: Lighting Build
[2018.10.07-02.39.58:956][  0]LogBlueprint: Error: [Compiler SeriousGameGameMode] Get number of entries in (bad enum)  must have a valid enum defined
[2018.10.07-02.39.58:958][  0]LogBlueprint: Error: [Compiler SeriousGameGameMode] Unexpected node type K2Node_GetNumEnumEntries encountered at  Get number of entries in (bad enum)
[2018.10.07-02.39.58:959][  0]LogBlueprint: Error: [Compiler SeriousGameGameMode] Unexpected node type K2Node_GetNumEnumEntries encountered at  Get number of entries in (bad enum)
[2018.10.07-02.39.58:961][  0]LogBlueprint: Warning: [Compiler SeriousGameGameMode] [0043,57] Compile of SeriousGameGameMode failed. 3 Fatal Issue(s) 0 Warning(s) [in 14 ms] (/Game/BlueprintsV2/SeriousGameGameMode.SeriousGameGameMode)
[2018.10.07-02.40.01:160][  0]LogTexture: Display: Building textures: T_EmptyPattern (AutoDXT, 64X64)
[2018.10.07-02.40.01:160][  0]LogTexture: Display: Building textures: T_Pattern1 (AutoDXT, 1024X1024)
[2018.10.07-02.40.01:160][  0]LogMaterial: Display: Missing cached shader map for material M_People, compiling. 
[2018.10.07-02.40.01:742][  0]LogShaderCompilers: Display: Shaders left to compile 60
[2018.10.07-02.40.01:742][  0]LogShaderCompilers: Display: Shaders left to compile 50
[2018.10.07-02.40.01:742][  0]LogShaderCompilers: Display: Shaders left to compile 40
[2018.10.07-02.40.01:923][  0]LogMaterial: Display: Missing cached shader map for material M_Character, compiling. 
[2018.10.07-02.40.02:335][  0]LogAIModule: Creating AISystem for world MAP_Test
[2018.10.07-02.40.02:376][  0]LogEditorServer: Finished looking for orphan Actors (0.000 secs)
[2018.10.07-02.40.02:432][  0]Cmd: MAP CHECKDEP NOCLEARLOG
[2018.10.07-02.40.02:536][  0]MapCheck: Map check complete: 0 Error(s), 0 Warning(s), took 103,718ms to complete.
[2018.10.07-02.40.02:537][  0]LogFileHelpers: Loading map 'MAP_Test' took 4.287
[2018.10.07-02.40.02:783][  0]LogSlate: Updating window title bar state: overlay mode, drag disabled, window buttons hidden, title bar hidden
[2018.10.07-02.40.02:802][  0]LogSlate: Updating window title bar state: overlay mode, drag disabled, window buttons hidden, title bar hidden
[2018.10.07-02.40.02:821][  0]LogSlate: Updating window title bar state: overlay mode, drag disabled, window buttons hidden, title bar hidden
[2018.10.07-02.40.02:839][  0]LogSlate: Updating window title bar state: overlay mode, drag disabled, window buttons hidden, title bar hidden
[2018.10.07-02.40.02:911][  0]LogCollectionManager: Loaded 0 collections in 0.061064 seconds
[2018.10.07-02.40.02:970][  0]LogFileCache: Scanning file cache for directory 'C:/Users/Catherine/Documents/Git/biopunchteam_01/Saved/Collections/' took 0.01s
[2018.10.07-02.40.02:970][  0]LogFileCache: Scanning file cache for directory 'C:/Users/Catherine/Documents/Git/biopunchteam_01/Content/Developers/Catherine/Collections/' took 0.01s
[2018.10.07-02.40.02:970][  0]LogFileCache: Scanning file cache for directory 'C:/Users/Catherine/Documents/Git/biopunchteam_01/Content/Collections/' took 0.01s
[2018.10.07-02.40.02:970][  0]LogCollectionManager: Rebuilt the GUID cache for 0 collections in 0.000000 seconds
[2018.10.07-02.40.02:995][  0]LogContentBrowser: Native class hierarchy populated in 0.0243 seconds. Added 2572 classes and 603 folders.
[2018.10.07-02.40.03:008][  0]LogContentBrowser: Native class hierarchy updated for 'WidgetCarousel' in 0.0005 seconds. Added 0 classes and 0 folders.
[2018.10.07-02.40.04:058][  0]LogContentBrowser: Native class hierarchy updated for 'AddContentDialog' in 0.0005 seconds. Added 0 classes and 0 folders.
[2018.10.07-02.40.04:066][  0]LogContentBrowser: Native class hierarchy updated for 'SceneOutliner' in 0.0005 seconds. Added 1 classes and 2 folders.
[2018.10.07-02.40.04:148][  0]LogSlate: Took 0.049058 seconds to synchronously load lazily loaded font '../../../Engine/Content/Slate/Fonts/Roboto-Regular.ttf' (155K)
[2018.10.07-02.40.04:191][  0]LogSlate: Took 0.039473 seconds to synchronously load lazily loaded font '../../../Engine/Content/Slate/Fonts/Roboto-Bold.ttf' (160K)
[2018.10.07-02.40.04:251][  0]LogSlate: Took 0.048275 seconds to synchronously load lazily loaded font '../../../Engine/Content/Editor/Slate/Fonts/FontAwesome.ttf' (139K)
[2018.10.07-02.40.04:455][  0]LogRenderer: Reallocating scene render targets to support 856x372 Format 9 NumSamples 1 (Frame:1).
[2018.10.07-02.40.04:876][  0]LogContentBrowser: Native class hierarchy updated for 'HierarchicalLODOutliner' in 0.0005 seconds. Added 0 classes and 0 folders.
[2018.10.07-02.40.04:876][  0]LogLoad: (Engine Initialization) Total time: 49.49 seconds
[2018.10.07-02.40.04:876][  0]LogLoad: (Engine Initialization) Total Blueprint compile time: 0.00 seconds
[2018.10.07-02.40.04:924][  0]LogContentStreaming: Texture pool size now 400 MB
[2018.10.07-02.40.05:360][  3]LogAssetRegistry: Asset discovery search completed in 33.5492 seconds
[2018.10.07-02.40.05:366][  3]LogCollectionManager: Rebuilt the object cache for 0 collections in 0.000000 seconds (found 0 objects)
[2018.10.07-02.40.05:366][  3]LogCollectionManager: Fixed up redirectors for 0 collections in 0.000110 seconds (updated 0 objects)
[2018.10.07-02.40.09:006][155]LogSlate: FSceneViewport::OnFocusLost() reason 2
[2018.10.07-02.40.09:093][155]LogSlate: Took 0.043523 seconds to synchronously load lazily loaded font '../../../Engine/Content/Slate/Fonts/Roboto-Light.ttf' (167K)
[2018.10.07-02.40.09:546][178]LogEditorViewport: Clicking on Actor (LMB): PeopleBlueprint_C (PeopleBlueprint)
[2018.10.07-02.40.10:716][198]LogSlate: FSceneViewport::OnFocusLost() reason 2
[2018.10.07-02.40.15:645][314]LogShaderCompilers: Display: Shaders left to compile 90
[2018.10.07-02.40.18:292][349]LogShaderCompilers: Display: Shaders left to compile 80
[2018.10.07-02.40.18:864][350]LogLinker: Warning: Can't find file '/Game/Character/Animations/NPC_Idle'
[2018.10.07-02.40.18:865][350]LogLinker: Warning: Can't find file for asset '/Game/Character/Animations/NPC_Idle' while loading ../../../../../../Users/Catherine/Documents/Git/biopunchteam_01/Content/Character/ABP_NPC.uasset.
[2018.10.07-02.40.18:865][350]LoadErrors: Error: /Game/Character/ABP_NPC : Can't find file for asset. /Game/Character/Animations/NPC_Idle
[2018.10.07-02.40.18:869][350]LogLinker: Warning: Can't find file '/Game/Character/Animations/NPC_Idle'
[2018.10.07-02.40.18:869][350]LogLinker: Warning: Can't find file for asset '/Game/Character/Animations/NPC_Idle' while loading ../../../../../../Users/Catherine/Documents/Git/biopunchteam_01/Content/Character/ABP_NPC.uasset.
[2018.10.07-02.40.18:882][350]LogLinker: Warning: Can't find file '/Game/Character/Animations/NPC_Idle'
[2018.10.07-02.40.18:882][350]LogLinker: Warning: Can't find file for asset '/Game/Character/Animations/NPC_Idle' while loading NULL.
[2018.10.07-02.40.18:883][350]LogLinker: Warning: Can't find file '/Game/Character/Animations/NPC_Idle'
[2018.10.07-02.40.18:883][350]LogLinker: Warning: Can't find file for asset '/Game/Character/Animations/NPC_Idle' while loading NULL.
[2018.10.07-02.40.18:883][350]LogLinker: Warning: Can't find file '/Game/Character/Animations/NPC_Idle'
[2018.10.07-02.40.18:884][350]LoadErrors: Failed to load /Game/Character/Animations/NPC_Idle.NPC_Idle Referenced by Default__ABP_NPC_C
[2018.10.07-02.40.18:884][350]LogLinker: Warning: Can't find file for asset '/Game/Character/Animations/NPC_Idle' while loading NULL.
[2018.10.07-02.40.18:889][350]LogLinker: Warning: Can't find file '/Game/Character/Animations/NPC_Idle'
[2018.10.07-02.40.18:890][350]LoadErrors: Failed to load /Game/Character/Animations/NPC_Idle.NPC_Idle Referenced by AnimGraphNode_SequencePlayer_3
[2018.10.07-02.40.18:890][350]LogLinker: Warning: Can't find file for asset '/Game/Character/Animations/NPC_Idle' while loading NULL.
[2018.10.07-02.40.18:921][350]LogBlueprint: Error: [Compiler ABP_NPC] Play (None)  references an unknown sequence
[2018.10.07-02.40.18:923][350]LogBlueprint: Warning: [Compiler ABP_NPC] InterestedStart to Interested  will never be taken, please connect something to  Can Enter Transition
[2018.10.07-02.40.18:928][350]LogBlueprint: Error: [Compiler ABP_NPC] Missing allocated node for AnimGraphNode_SequencePlayer_3 while searching for node links - likely due to the node having outstanding errors.
[2018.10.07-02.40.18:934][350]LogBlueprint: Warning: [Compiler ABP_NPC] [0063,55] Compile of ABP_NPC failed. 2 Fatal Issue(s) 1 Warning(s) [in 38 ms] (/Game/Character/ABP_NPC.ABP_NPC)
[2018.10.07-02.40.18:965][350]LogSlate: Took 0.000249 seconds to synchronously load lazily loaded font '../../../Engine/Content/Slate/Fonts/Roboto-Light.ttf' (167K)
[2018.10.07-02.40.18:974][350]LogAssetEditorManager: Opening Asset editor for AnimBlueprint /Game/Character/ABP_NPC.ABP_NPC
[2018.10.07-02.40.19:038][350]LogContentBrowser: Native class hierarchy updated for 'SkeletonEditor' in 0.0005 seconds. Added 1 classes and 2 folders.
[2018.10.07-02.40.20:102][350]LogActorComponent: RegisterComponentWithWorld: (/Engine/Transient.World_7:PersistentLevel.AnimationEditorPreviewActor_0.DebugSkelMeshComponent_0) Already registered. Aborting.
[2018.10.07-02.40.20:108][350]LogContentBrowser: Native class hierarchy updated for 'PinnedCommandList' in 0.0007 seconds. Added 1 classes and 0 folders.
[2018.10.07-02.40.21:915][350]LogEnum: Warning: Enum name collision: 'PatternsEnum::NewEnumerator0' is in both '/Game/BlueprintsV2/PatternsEnum.PatternsEnum' and '/Game/BlueprintsV2/Enums/PatternsEnum.PatternsEnum'
[2018.10.07-02.40.21:915][350]LogEnum: Warning: Enum name collision: 'PatternsEnum::NewEnumerator1' is in both '/Game/BlueprintsV2/PatternsEnum.PatternsEnum' and '/Game/BlueprintsV2/Enums/PatternsEnum.PatternsEnum'
[2018.10.07-02.40.21:915][350]LogEnum: Warning: Enum name collision: 'PatternsEnum::PatternsEnum_MAX' is in both '/Game/BlueprintsV2/PatternsEnum.PatternsEnum' and '/Game/BlueprintsV2/Enums/PatternsEnum.PatternsEnum'
[2018.10.07-02.40.21:915][350]LogEnum: Warning: Enum name collision: 'PatternsEnum::NewEnumerator0' is in both '/Game/BlueprintsV2/PatternsEnum.PatternsEnum' and '/Game/BlueprintsV2/Enums/PatternsEnum.PatternsEnum'
[2018.10.07-02.40.21:915][350]LogEnum: Warning: Enum name collision: 'PatternsEnum::NewEnumerator1' is in both '/Game/BlueprintsV2/PatternsEnum.PatternsEnum' and '/Game/BlueprintsV2/Enums/PatternsEnum.PatternsEnum'
[2018.10.07-02.40.22:056][350]LogContentBrowser: Native class hierarchy updated for 'BlueprintGraph' in 0.0014 seconds. Added 116 classes and 0 folders.
[2018.10.07-02.40.24:796][350]LogShaderCompilers: Display: Shaders left to compile 70
[2018.10.07-02.40.24:796][350]LogShaderCompilers: Display: Shaders left to compile 60
[2018.10.07-02.40.24:796][350]LogSkeletalMesh: USkeletalMeshComponent::InitArticulated : Bodies already created (/Engine/Transient.World_7:PersistentLevel.AnimationEditorPreviewActor_0.DebugSkelMeshComponent_0) - call TermArticulated first.
[2018.10.07-02.40.31:475][350]LogShaderCompilers: Display: Shaders left to compile 50
[2018.10.07-02.40.31:475][350]LogShaderCompilers: Display: Shaders left to compile 40
[2018.10.07-02.40.31:475][350]LogShaderCompilers: Display: Shaders left to compile 30
[2018.10.07-02.40.32:091][350]LogSlate: Took 0.012842 seconds to synchronously load lazily loaded font '../../../Engine/Content/Slate/Fonts/Roboto-BoldCondensed.ttf' (158K)
[2018.10.07-02.40.32:229][350]LogContentBrowser: Native class hierarchy updated for 'ClothingSystemEditorInterface' in 0.0005 seconds. Added 1 classes and 0 folders.
[2018.10.07-02.40.32:320][350]LogContentBrowser: Verbose: The majority of assets in the view are of type: AnimSequence
[2018.10.07-02.40.33:514][354]LogShaderCompilers: Display: Shaders left to compile 20
[2018.10.07-02.40.38:069][354]LogShaderCompilers: Display: Shaders left to compile 10
[2018.10.07-02.40.42:321][417]LogSlate: Window 'ABP_NPC' being destroyed
[2018.10.07-02.40.43:923][448]LogSlate: FSceneViewport::OnFocusLost() reason 0
[2018.10.07-02.40.51:401][505]LogSlate: FSceneViewport::OnFocusLost() reason 0
[2018.10.07-02.40.54:612][622]LogSlate: FSceneViewport::OnFocusLost() reason 0
[2018.10.07-02.41.09:807][739]LogSlate: FSceneViewport::OnFocusLost() reason 2
[2018.10.07-02.41.09:838][739]LogFactory: FactoryCreateFile: StaticMesh with FbxFactory (0 0 C:\Users\Catherine\Desktop\Cameleon_Rejected.FBX)
[2018.10.07-02.41.09:870][739]LogFbx: Loading FBX Scene from C:\Users\Catherine\Desktop\Cameleon_Rejected.FBX
[2018.10.07-02.41.09:922][739]LogFbx: FBX Scene Loaded Succesfully
[2018.10.07-02.41.12:533][739]LogSlate: Window 'FBX Import Options' being destroyed
[2018.10.07-02.41.12:582][739]LogFbx: SortedLinks :(0) CameleonPelvis
[2018.10.07-02.41.12:582][739]LogFbx: SortedLinks :(1) CameleonSpine1
[2018.10.07-02.41.12:582][739]LogFbx: SortedLinks :(2) CameleonSpine2
[2018.10.07-02.41.12:582][739]LogFbx: SortedLinks :(3) CameleonChest
[2018.10.07-02.41.12:582][739]LogFbx: SortedLinks :(4) CameleonSpine
[2018.10.07-02.41.12:582][739]LogFbx: SortedLinks :(5) CameleonHead
[2018.10.07-02.41.12:582][739]LogFbx: SortedLinks :(6) CameleonLeftEye
[2018.10.07-02.41.12:582][739]LogFbx: SortedLinks :(7) CameleonRightEye
[2018.10.07-02.41.12:582][739]LogFbx: SortedLinks :(8) CameleonLArmCollarbone
[2018.10.07-02.41.12:582][739]LogFbx: SortedLinks :(9) CameleonLArm1
[2018.10.07-02.41.12:582][739]LogFbx: SortedLinks :(10) CameleonLArm2
[2018.10.07-02.41.12:582][739]LogFbx: SortedLinks :(11) CameleonLArmPalm
[2018.10.07-02.41.12:582][739]LogFbx: SortedLinks :(12) CameleonLArmDigit11
[2018.10.07-02.41.12:582][739]LogFbx: SortedLinks :(13) CameleonLArmDigit12
[2018.10.07-02.41.12:582][739]LogFbx: SortedLinks :(14) CameleonLArmDigit13
[2018.10.07-02.41.12:582][739]LogFbx: SortedLinks :(15) CameleonLArmDigit21
[2018.10.07-02.41.12:582][739]LogFbx: SortedLinks :(16) CameleonLArmDigit22
[2018.10.07-02.41.12:582][739]LogFbx: SortedLinks :(17) CameleonLArmDigit23
[2018.10.07-02.41.12:582][739]LogFbx: SortedLinks :(18) CameleonLArmDigit31
[2018.10.07-02.41.12:582][739]LogFbx: SortedLinks :(19) CameleonLArmDigit32
[2018.10.07-02.41.12:583][739]LogFbx: SortedLinks :(20) CameleonLArmDigit33
[2018.10.07-02.41.12:583][739]LogFbx: SortedLinks :(21) CameleonRArmCollarbone
[2018.10.07-02.41.12:583][739]LogFbx: SortedLinks :(22) CameleonRArm1
[2018.10.07-02.41.12:583][739]LogFbx: SortedLinks :(23) CameleonRArm2
[2018.10.07-02.41.12:583][739]LogFbx: SortedLinks :(24) CameleonRArmPalm
[2018.10.07-02.41.12:583][739]LogFbx: SortedLinks :(25) CameleonRArmDigit11
[2018.10.07-02.41.12:583][739]LogFbx: SortedLinks :(26) CameleonRArmDigit12
[2018.10.07-02.41.12:583][739]LogFbx: SortedLinks :(27) CameleonRArmDigit13
[2018.10.07-02.41.12:583][739]LogFbx: SortedLinks :(28) CameleonRArmDigit21
[2018.10.07-02.41.12:583][739]LogFbx: SortedLinks :(29) CameleonRArmDigit22
[2018.10.07-02.41.12:583][739]LogFbx: SortedLinks :(30) CameleonRArmDigit23
[2018.10.07-02.41.12:583][739]LogFbx: SortedLinks :(31) CameleonRArmDigit31
[2018.10.07-02.41.12:583][739]LogFbx: SortedLinks :(32) CameleonRArmDigit32
[2018.10.07-02.41.12:583][739]LogFbx: SortedLinks :(33) CameleonRArmDigit33
[2018.10.07-02.41.12:583][739]LogFbx: SortedLinks :(34) CameleonTail1
[2018.10.07-02.41.12:583][739]LogFbx: SortedLinks :(35) CameleonTail2
[2018.10.07-02.41.12:583][739]LogFbx: SortedLinks :(36) CameleonTail3
[2018.10.07-02.41.12:583][739]LogFbx: SortedLinks :(37) CameleonTail4
[2018.10.07-02.41.12:583][739]LogFbx: SortedLinks :(38) CameleonTail5
[2018.10.07-02.41.12:583][739]LogFbx: SortedLinks :(39) CameleonTail6
[2018.10.07-02.41.12:583][739]LogFbx: SortedLinks :(40) CameleonRightLeg1
[2018.10.07-02.41.12:583][739]LogFbx: SortedLinks :(41) CameleonRightLeg2
[2018.10.07-02.41.12:583][739]LogFbx: SortedLinks :(42) CameleonRightLegAnkle
[2018.10.07-02.41.12:583][739]LogFbx: SortedLinks :(43) CameleonRightLegFoot1
[2018.10.07-02.41.12:584][739]LogFbx: SortedLinks :(44) CameleonRightLegFoot2
[2018.10.07-02.41.12:584][739]LogFbx: SortedLinks :(45) CameleonRightEndFoot
[2018.10.07-02.41.12:584][739]LogFbx: SortedLinks :(46) CameleonLeftLeg_1
[2018.10.07-02.41.12:584][739]LogFbx: SortedLinks :(47) CameleonLeftLeg_2
[2018.10.07-02.41.12:584][739]LogFbx: SortedLinks :(48) CameleonLeftLeg_Ankle
[2018.10.07-02.41.12:584][739]LogFbx: SortedLinks :(49) CameleonLeftLeg_Foot1
[2018.10.07-02.41.12:584][739]LogFbx: SortedLinks :(50) CameleonLeftLeg_Foot2
[2018.10.07-02.41.12:584][739]LogFbx: SortedLinks :(51) CameleonLeftFootEnd
[2018.10.07-02.41.12:586][739]LogFbx: Parsing AnimStack Take 001
[2018.10.07-02.41.12:592][739]LogLinker: Can't find file '/Game/Character/Animations/Cameleon_Rejected'
[2018.10.07-02.41.12:592][739]LogLinker: Can't find file '/Game/Character/Animations/Cameleon_Rejected'
[2018.10.07-02.41.12:599][739]LogFbx: CurveName : ik_blend
[2018.10.07-02.41.12:599][739]LogFbx: CurveName(ik_blend) is skipped because it only contains invalid values.
[2018.10.07-02.41.13:010][739]LogAnimationCompression: Building Anim DDC data for AnimSequence /Game/Character/Animations/Cameleon_Rejected.Cameleon_Rejected
[2018.10.07-02.41.13:011][739]LogAnimationCompression: Recompressing (AnimSequence /Engine/Transient.Cameleon_Rejected) using current/default (AnimCompress_BitwiseCompressOnly_0) bFirstRecompressUsingCurrentOrDefault(1) bTryAlternateCompressor(0) IsCompressedDataValid(0)
[2018.10.07-02.41.13:039][739]LogFactory: FactoryCreateFile: AnimSequence with FbxFactory (0 0 C:\Users\Catherine\Desktop\Cameleon_happy.FBX)
[2018.10.07-02.41.13:063][739]LogFbx: Loading FBX Scene from C:\Users\Catherine\Desktop\Cameleon_happy.FBX
[2018.10.07-02.41.13:125][739]LogFbx: FBX Scene Loaded Succesfully
[2018.10.07-02.41.13:129][739]LogFbx: SortedLinks :(0) CameleonPelvis
[2018.10.07-02.41.13:129][739]LogFbx: SortedLinks :(1) CameleonSpine1
[2018.10.07-02.41.13:129][739]LogFbx: SortedLinks :(2) CameleonSpine2
[2018.10.07-02.41.13:129][739]LogFbx: SortedLinks :(3) CameleonChest
[2018.10.07-02.41.13:129][739]LogFbx: SortedLinks :(4) CameleonSpine
[2018.10.07-02.41.13:129][739]LogFbx: SortedLinks :(5) CameleonHead
[2018.10.07-02.41.13:129][739]LogFbx: SortedLinks :(6) CameleonLeftEye
[2018.10.07-02.41.13:129][739]LogFbx: SortedLinks :(7) CameleonRightEye
[2018.10.07-02.41.13:130][739]LogFbx: SortedLinks :(8) CameleonLArmCollarbone
[2018.10.07-02.41.13:130][739]LogFbx: SortedLinks :(9) CameleonLArm1
[2018.10.07-02.41.13:130][739]LogFbx: SortedLinks :(10) CameleonLArm2
[2018.10.07-02.41.13:130][739]LogFbx: SortedLinks :(11) CameleonLArmPalm
[2018.10.07-02.41.13:130][739]LogFbx: SortedLinks :(12) CameleonLArmDigit11
[2018.10.07-02.41.13:130][739]LogFbx: SortedLinks :(13) CameleonLArmDigit12
[2018.10.07-02.41.13:130][739]LogFbx: SortedLinks :(14) CameleonLArmDigit13
[2018.10.07-02.41.13:130][739]LogFbx: SortedLinks :(15) CameleonLArmDigit21
[2018.10.07-02.41.13:130][739]LogFbx: SortedLinks :(16) CameleonLArmDigit22
[2018.10.07-02.41.13:130][739]LogFbx: SortedLinks :(17) CameleonLArmDigit23
[2018.10.07-02.41.13:130][739]LogFbx: SortedLinks :(18) CameleonLArmDigit31
[2018.10.07-02.41.13:130][739]LogFbx: SortedLinks :(19) CameleonLArmDigit32
[2018.10.07-02.41.13:130][739]LogFbx: SortedLinks :(20) CameleonLArmDigit33
[2018.10.07-02.41.13:130][739]LogFbx: SortedLinks :(21) CameleonRArmCollarbone
[2018.10.07-02.41.13:130][739]LogFbx: SortedLinks :(22) CameleonRArm1
[2018.10.07-02.41.13:130][739]LogFbx: SortedLinks :(23) CameleonRArm2
[2018.10.07-02.41.13:130][739]LogFbx: SortedLinks :(24) CameleonRArmPalm
[2018.10.07-02.41.13:130][739]LogFbx: SortedLinks :(25) CameleonRArmDigit11
[2018.10.07-02.41.13:130][739]LogFbx: SortedLinks :(26) CameleonRArmDigit12
[2018.10.07-02.41.13:130][739]LogFbx: SortedLinks :(27) CameleonRArmDigit13
[2018.10.07-02.41.13:130][739]LogFbx: SortedLinks :(28) CameleonRArmDigit21
[2018.10.07-02.41.13:130][739]LogFbx: SortedLinks :(29) CameleonRArmDigit22
[2018.10.07-02.41.13:130][739]LogFbx: SortedLinks :(30) CameleonRArmDigit23
[2018.10.07-02.41.13:130][739]LogFbx: SortedLinks :(31) CameleonRArmDigit31
[2018.10.07-02.41.13:130][739]LogFbx: SortedLinks :(32) CameleonRArmDigit32
[2018.10.07-02.41.13:130][739]LogFbx: SortedLinks :(33) CameleonRArmDigit33
[2018.10.07-02.41.13:130][739]LogFbx: SortedLinks :(34) CameleonTail1
[2018.10.07-02.41.13:130][739]LogFbx: SortedLinks :(35) CameleonTail2
[2018.10.07-02.41.13:130][739]LogFbx: SortedLinks :(36) CameleonTail3
[2018.10.07-02.41.13:130][739]LogFbx: SortedLinks :(37) CameleonTail4
[2018.10.07-02.41.13:130][739]LogFbx: SortedLinks :(38) CameleonTail5
[2018.10.07-02.41.13:130][739]LogFbx: SortedLinks :(39) CameleonTail6
[2018.10.07-02.41.13:130][739]LogFbx: SortedLinks :(40) CameleonRightLeg1
[2018.10.07-02.41.13:130][739]LogFbx: SortedLinks :(41) CameleonRightLeg2
[2018.10.07-02.41.13:130][739]LogFbx: SortedLinks :(42) CameleonRightLegAnkle
[2018.10.07-02.41.13:130][739]LogFbx: SortedLinks :(43) CameleonRightLegFoot1
[2018.10.07-02.41.13:130][739]LogFbx: SortedLinks :(44) CameleonRightLegFoot2
[2018.10.07-02.41.13:130][739]LogFbx: SortedLinks :(45) CameleonRightEndFoot
[2018.10.07-02.41.13:130][739]LogFbx: SortedLinks :(46) CameleonLeftLeg_1
[2018.10.07-02.41.13:130][739]LogFbx: SortedLinks :(47) CameleonLeftLeg_2
[2018.10.07-02.41.13:130][739]LogFbx: SortedLinks :(48) CameleonLeftLeg_Ankle
[2018.10.07-02.41.13:130][739]LogFbx: SortedLinks :(49) CameleonLeftLeg_Foot1
[2018.10.07-02.41.13:130][739]LogFbx: SortedLinks :(50) CameleonLeftLeg_Foot2
[2018.10.07-02.41.13:130][739]LogFbx: SortedLinks :(51) CameleonLeftFootEnd
[2018.10.07-02.41.13:132][739]LogFbx: Parsing AnimStack Take 001
[2018.10.07-02.41.13:136][739]LogLinker: Can't find file '/Game/Character/Animations/Cameleon_happy'
[2018.10.07-02.41.13:136][739]LogLinker: Can't find file '/Game/Character/Animations/Cameleon_happy'
[2018.10.07-02.41.13:141][739]LogFbx: CurveName : ik_blend
[2018.10.07-02.41.13:141][739]LogFbx: CurveName(ik_blend) is skipped because it only contains invalid values.
[2018.10.07-02.41.13:434][739]LogAnimationCompression: Building Anim DDC data for AnimSequence /Game/Character/Animations/Cameleon_happy.Cameleon_happy
[2018.10.07-02.41.13:434][739]LogAnimationCompression: Recompressing (AnimSequence /Engine/Transient.Cameleon_happy) using current/default (AnimCompress_BitwiseCompressOnly_0) bFirstRecompressUsingCurrentOrDefault(1) bTryAlternateCompressor(0) IsCompressedDataValid(0)
[2018.10.07-02.41.13:468][739]LogFactory: FactoryCreateFile: AnimSequence with FbxFactory (0 0 C:\Users\Catherine\Desktop\NPC_Idle.FBX)
[2018.10.07-02.41.13:490][739]LogFbx: Loading FBX Scene from C:\Users\Catherine\Desktop\NPC_Idle.FBX
[2018.10.07-02.41.13:551][739]LogFbx: FBX Scene Loaded Succesfully
[2018.10.07-02.41.13:555][739]LogFbx: SortedLinks :(0) CameleonPelvis
[2018.10.07-02.41.13:555][739]LogFbx: SortedLinks :(1) CameleonSpine1
[2018.10.07-02.41.13:555][739]LogFbx: SortedLinks :(2) CameleonSpine2
[2018.10.07-02.41.13:555][739]LogFbx: SortedLinks :(3) CameleonChest
[2018.10.07-02.41.13:556][739]LogFbx: SortedLinks :(4) CameleonSpine
[2018.10.07-02.41.13:556][739]LogFbx: SortedLinks :(5) CameleonHead
[2018.10.07-02.41.13:556][739]LogFbx: SortedLinks :(6) CameleonLeftEye
[2018.10.07-02.41.13:556][739]LogFbx: SortedLinks :(7) CameleonRightEye
[2018.10.07-02.41.13:556][739]LogFbx: SortedLinks :(8) CameleonLArmCollarbone
[2018.10.07-02.41.13:556][739]LogFbx: SortedLinks :(9) CameleonLArm1
[2018.10.07-02.41.13:556][739]LogFbx: SortedLinks :(10) CameleonLArm2
[2018.10.07-02.41.13:556][739]LogFbx: SortedLinks :(11) CameleonLArmPalm
[2018.10.07-02.41.13:556][739]LogFbx: SortedLinks :(12) CameleonLArmDigit11
[2018.10.07-02.41.13:556][739]LogFbx: SortedLinks :(13) CameleonLArmDigit12
[2018.10.07-02.41.13:556][739]LogFbx: SortedLinks :(14) CameleonLArmDigit13
[2018.10.07-02.41.13:556][739]LogFbx: SortedLinks :(15) CameleonLArmDigit21
[2018.10.07-02.41.13:556][739]LogFbx: SortedLinks :(16) CameleonLArmDigit22
[2018.10.07-02.41.13:556][739]LogFbx: SortedLinks :(17) CameleonLArmDigit23
[2018.10.07-02.41.13:556][739]LogFbx: SortedLinks :(18) CameleonLArmDigit31
[2018.10.07-02.41.13:556][739]LogFbx: SortedLinks :(19) CameleonLArmDigit32
[2018.10.07-02.41.13:556][739]LogFbx: SortedLinks :(20) CameleonLArmDigit33
[2018.10.07-02.41.13:556][739]LogFbx: SortedLinks :(21) CameleonRArmCollarbone
[2018.10.07-02.41.13:556][739]LogFbx: SortedLinks :(22) CameleonRArm1
[2018.10.07-02.41.13:556][739]LogFbx: SortedLinks :(23) CameleonRArm2
[2018.10.07-02.41.13:556][739]LogFbx: SortedLinks :(24) CameleonRArmPalm
[2018.10.07-02.41.13:556][739]LogFbx: SortedLinks :(25) CameleonRArmDigit11
[2018.10.07-02.41.13:556][739]LogFbx: SortedLinks :(26) CameleonRArmDigit12
[2018.10.07-02.41.13:556][739]LogFbx: SortedLinks :(27) CameleonRArmDigit13
[2018.10.07-02.41.13:556][739]LogFbx: SortedLinks :(28) CameleonRArmDigit21
[2018.10.07-02.41.13:556][739]LogFbx: SortedLinks :(29) CameleonRArmDigit22
[2018.10.07-02.41.13:556][739]LogFbx: SortedLinks :(30) CameleonRArmDigit23
[2018.10.07-02.41.13:556][739]LogFbx: SortedLinks :(31) CameleonRArmDigit31
[2018.10.07-02.41.13:556][739]LogFbx: SortedLinks :(32) CameleonRArmDigit32
[2018.10.07-02.41.13:556][739]LogFbx: SortedLinks :(33) CameleonRArmDigit33
[2018.10.07-02.41.13:556][739]LogFbx: SortedLinks :(34) CameleonTail1
[2018.10.07-02.41.13:556][739]LogFbx: SortedLinks :(35) CameleonTail2
[2018.10.07-02.41.13:556][739]LogFbx: SortedLinks :(36) CameleonTail3
[2018.10.07-02.41.13:556][739]LogFbx: SortedLinks :(37) CameleonTail4
[2018.10.07-02.41.13:556][739]LogFbx: SortedLinks :(38) CameleonTail5
[2018.10.07-02.41.13:556][739]LogFbx: SortedLinks :(39) CameleonTail6
[2018.10.07-02.41.13:556][739]LogFbx: SortedLinks :(40) CameleonRightLeg1
[2018.10.07-02.41.13:556][739]LogFbx: SortedLinks :(41) CameleonRightLeg2
[2018.10.07-02.41.13:556][739]LogFbx: SortedLinks :(42) CameleonRightLegAnkle
[2018.10.07-02.41.13:556][739]LogFbx: SortedLinks :(43) CameleonRightLegFoot1
[2018.10.07-02.41.13:556][739]LogFbx: SortedLinks :(44) CameleonRightLegFoot2
[2018.10.07-02.41.13:556][739]LogFbx: SortedLinks :(45) CameleonRightEndFoot
[2018.10.07-02.41.13:556][739]LogFbx: SortedLinks :(46) CameleonLeftLeg_1
[2018.10.07-02.41.13:556][739]LogFbx: SortedLinks :(47) CameleonLeftLeg_2
[2018.10.07-02.41.13:556][739]LogFbx: SortedLinks :(48) CameleonLeftLeg_Ankle
[2018.10.07-02.41.13:556][739]LogFbx: SortedLinks :(49) CameleonLeftLeg_Foot1
[2018.10.07-02.41.13:556][739]LogFbx: SortedLinks :(50) CameleonLeftLeg_Foot2
[2018.10.07-02.41.13:556][739]LogFbx: SortedLinks :(51) CameleonLeftFootEnd
[2018.10.07-02.41.13:558][739]LogFbx: Parsing AnimStack Take 001
[2018.10.07-02.41.13:568][739]LogLinker: Can't find file '/Game/Character/Animations/NPC_Idle'
[2018.10.07-02.41.13:568][739]LogLinker: Can't find file '/Game/Character/Animations/NPC_Idle'
[2018.10.07-02.41.13:571][739]LogFbx: CurveName : ik_blend
[2018.10.07-02.41.13:571][739]LogFbx: CurveName(ik_blend) is skipped because it only contains invalid values.
[2018.10.07-02.41.14:422][739]LogAnimationCompression: Building Anim DDC data for AnimSequence /Game/Character/Animations/NPC_Idle.NPC_Idle
[2018.10.07-02.41.14:423][739]LogAnimationCompression: Recompressing (AnimSequence /Engine/Transient.NPC_Idle) using current/default (AnimCompress_BitwiseCompressOnly_0) bFirstRecompressUsingCurrentOrDefault(1) bTryAlternateCompressor(0) IsCompressedDataValid(0)
[2018.10.07-02.41.14:472][739]LogFactory: FactoryCreateFile: AnimSequence with FbxFactory (0 0 C:\Users\Catherine\Desktop\NPC_InterestedStart.FBX)
[2018.10.07-02.41.14:498][739]LogFbx: Loading FBX Scene from C:\Users\Catherine\Desktop\NPC_InterestedStart.FBX
[2018.10.07-02.41.14:548][739]LogFbx: FBX Scene Loaded Succesfully
[2018.10.07-02.41.14:551][739]LogFbx: SortedLinks :(0) CameleonPelvis
[2018.10.07-02.41.14:551][739]LogFbx: SortedLinks :(1) CameleonSpine1
[2018.10.07-02.41.14:551][739]LogFbx: SortedLinks :(2) CameleonSpine2
[2018.10.07-02.41.14:551][739]LogFbx: SortedLinks :(3) CameleonChest
[2018.10.07-02.41.14:551][739]LogFbx: SortedLinks :(4) CameleonSpine
[2018.10.07-02.41.14:551][739]LogFbx: SortedLinks :(5) CameleonHead
[2018.10.07-02.41.14:551][739]LogFbx: SortedLinks :(6) CameleonLeftEye
[2018.10.07-02.41.14:551][739]LogFbx: SortedLinks :(7) CameleonRightEye
[2018.10.07-02.41.14:551][739]LogFbx: SortedLinks :(8) CameleonLArmCollarbone
[2018.10.07-02.41.14:551][739]LogFbx: SortedLinks :(9) CameleonLArm1
[2018.10.07-02.41.14:552][739]LogFbx: SortedLinks :(10) CameleonLArm2
[2018.10.07-02.41.14:552][739]LogFbx: SortedLinks :(11) CameleonLArmPalm
[2018.10.07-02.41.14:552][739]LogFbx: SortedLinks :(12) CameleonLArmDigit11
[2018.10.07-02.41.14:552][739]LogFbx: SortedLinks :(13) CameleonLArmDigit12
[2018.10.07-02.41.14:552][739]LogFbx: SortedLinks :(14) CameleonLArmDigit13
[2018.10.07-02.41.14:552][739]LogFbx: SortedLinks :(15) CameleonLArmDigit21
[2018.10.07-02.41.14:552][739]LogFbx: SortedLinks :(16) CameleonLArmDigit22
[2018.10.07-02.41.14:552][739]LogFbx: SortedLinks :(17) CameleonLArmDigit23
[2018.10.07-02.41.14:552][739]LogFbx: SortedLinks :(18) CameleonLArmDigit31
[2018.10.07-02.41.14:552][739]LogFbx: SortedLinks :(19) CameleonLArmDigit32
[2018.10.07-02.41.14:552][739]LogFbx: SortedLinks :(20) CameleonLArmDigit33
[2018.10.07-02.41.14:552][739]LogFbx: SortedLinks :(21) CameleonRArmCollarbone
[2018.10.07-02.41.14:552][739]LogFbx: SortedLinks :(22) CameleonRArm1
[2018.10.07-02.41.14:552][739]LogFbx: SortedLinks :(23) CameleonRArm2
[2018.10.07-02.41.14:552][739]LogFbx: SortedLinks :(24) CameleonRArmPalm
[2018.10.07-02.41.14:552][739]LogFbx: SortedLinks :(25) CameleonRArmDigit11
[2018.10.07-02.41.14:552][739]LogFbx: SortedLinks :(26) CameleonRArmDigit12
[2018.10.07-02.41.14:552][739]LogFbx: SortedLinks :(27) CameleonRArmDigit13
[2018.10.07-02.41.14:552][739]LogFbx: SortedLinks :(28) CameleonRArmDigit21
[2018.10.07-02.41.14:552][739]LogFbx: SortedLinks :(29) CameleonRArmDigit22
[2018.10.07-02.41.14:552][739]LogFbx: SortedLinks :(30) CameleonRArmDigit23
[2018.10.07-02.41.14:552][739]LogFbx: SortedLinks :(31) CameleonRArmDigit31
[2018.10.07-02.41.14:552][739]LogFbx: SortedLinks :(32) CameleonRArmDigit32
[2018.10.07-02.41.14:552][739]LogFbx: SortedLinks :(33) CameleonRArmDigit33
[2018.10.07-02.41.14:552][739]LogFbx: SortedLinks :(34) CameleonTail1
[2018.10.07-02.41.14:552][739]LogFbx: SortedLinks :(35) CameleonTail2
[2018.10.07-02.41.14:552][739]LogFbx: SortedLinks :(36) CameleonTail3
[2018.10.07-02.41.14:552][739]LogFbx: SortedLinks :(37) CameleonTail4
[2018.10.07-02.41.14:552][739]LogFbx: SortedLinks :(38) CameleonTail5
[2018.10.07-02.41.14:552][739]LogFbx: SortedLinks :(39) CameleonTail6
[2018.10.07-02.41.14:552][739]LogFbx: SortedLinks :(40) CameleonRightLeg1
[2018.10.07-02.41.14:552][739]LogFbx: SortedLinks :(41) CameleonRightLeg2
[2018.10.07-02.41.14:552][739]LogFbx: SortedLinks :(42) CameleonRightLegAnkle
[2018.10.07-02.41.14:552][739]LogFbx: SortedLinks :(43) CameleonRightLegFoot1
[2018.10.07-02.41.14:552][739]LogFbx: SortedLinks :(44) CameleonRightLegFoot2
[2018.10.07-02.41.14:552][739]LogFbx: SortedLinks :(45) CameleonRightEndFoot
[2018.10.07-02.41.14:552][739]LogFbx: SortedLinks :(46) CameleonLeftLeg_1
[2018.10.07-02.41.14:552][739]LogFbx: SortedLinks :(47) CameleonLeftLeg_2
[2018.10.07-02.41.14:552][739]LogFbx: SortedLinks :(48) CameleonLeftLeg_Ankle
[2018.10.07-02.41.14:552][739]LogFbx: SortedLinks :(49) CameleonLeftLeg_Foot1
[2018.10.07-02.41.14:552][739]LogFbx: SortedLinks :(50) CameleonLeftLeg_Foot2
[2018.10.07-02.41.14:552][739]LogFbx: SortedLinks :(51) CameleonLeftFootEnd
[2018.10.07-02.41.14:554][739]LogFbx: Parsing AnimStack Take 001
[2018.10.07-02.41.14:556][739]LogLinker: Can't find file '/Game/Character/Animations/NPC_InterestedStart'
[2018.10.07-02.41.14:556][739]LogLinker: Can't find file '/Game/Character/Animations/NPC_InterestedStart'
[2018.10.07-02.41.14:560][739]LogFbx: CurveName : ik_blend
[2018.10.07-02.41.14:560][739]LogFbx: CurveName(ik_blend) is skipped because it only contains invalid values.
[2018.10.07-02.41.15:128][739]LogAnimationCompression: Building Anim DDC data for AnimSequence /Game/Character/Animations/NPC_InterestedStart.NPC_InterestedStart
[2018.10.07-02.41.15:129][739]LogAnimationCompression: Recompressing (AnimSequence /Engine/Transient.NPC_InterestedStart) using current/default (AnimCompress_BitwiseCompressOnly_0) bFirstRecompressUsingCurrentOrDefault(1) bTryAlternateCompressor(0) IsCompressedDataValid(0)
[2018.10.07-02.41.15:185][739]LogFactory: FactoryCreateFile: AnimSequence with FbxFactory (0 0 C:\Users\Catherine\Desktop\NPC_InterestedLoop.FBX)
[2018.10.07-02.41.15:216][739]LogFbx: Loading FBX Scene from C:\Users\Catherine\Desktop\NPC_InterestedLoop.FBX
[2018.10.07-02.41.15:282][739]LogFbx: FBX Scene Loaded Succesfully
[2018.10.07-02.41.15:286][739]LogFbx: SortedLinks :(0) CameleonPelvis
[2018.10.07-02.41.15:286][739]LogFbx: SortedLinks :(1) CameleonSpine1
[2018.10.07-02.41.15:286][739]LogFbx: SortedLinks :(2) CameleonSpine2
[2018.10.07-02.41.15:286][739]LogFbx: SortedLinks :(3) CameleonChest
[2018.10.07-02.41.15:286][739]LogFbx: SortedLinks :(4) CameleonSpine
[2018.10.07-02.41.15:286][739]LogFbx: SortedLinks :(5) CameleonHead
[2018.10.07-02.41.15:286][739]LogFbx: SortedLinks :(6) CameleonLeftEye
[2018.10.07-02.41.15:286][739]LogFbx: SortedLinks :(7) CameleonRightEye
[2018.10.07-02.41.15:286][739]LogFbx: SortedLinks :(8) CameleonLArmCollarbone
[2018.10.07-02.41.15:286][739]LogFbx: SortedLinks :(9) CameleonLArm1
[2018.10.07-02.41.15:286][739]LogFbx: SortedLinks :(10) CameleonLArm2
[2018.10.07-02.41.15:286][739]LogFbx: SortedLinks :(11) CameleonLArmPalm
[2018.10.07-02.41.15:286][739]LogFbx: SortedLinks :(12) CameleonLArmDigit11
[2018.10.07-02.41.15:286][739]LogFbx: SortedLinks :(13) CameleonLArmDigit12
[2018.10.07-02.41.15:286][739]LogFbx: SortedLinks :(14) CameleonLArmDigit13
[2018.10.07-02.41.15:286][739]LogFbx: SortedLinks :(15) CameleonLArmDigit21
[2018.10.07-02.41.15:286][739]LogFbx: SortedLinks :(16) CameleonLArmDigit22
[2018.10.07-02.41.15:287][739]LogFbx: SortedLinks :(17) CameleonLArmDigit23
[2018.10.07-02.41.15:287][739]LogFbx: SortedLinks :(18) CameleonLArmDigit31
[2018.10.07-02.41.15:287][739]LogFbx: SortedLinks :(19) CameleonLArmDigit32
[2018.10.07-02.41.15:287][739]LogFbx: SortedLinks :(20) CameleonLArmDigit33
[2018.10.07-02.41.15:287][739]LogFbx: SortedLinks :(21) CameleonRArmCollarbone
[2018.10.07-02.41.15:287][739]LogFbx: SortedLinks :(22) CameleonRArm1
[2018.10.07-02.41.15:287][739]LogFbx: SortedLinks :(23) CameleonRArm2
[2018.10.07-02.41.15:287][739]LogFbx: SortedLinks :(24) CameleonRArmPalm
[2018.10.07-02.41.15:287][739]LogFbx: SortedLinks :(25) CameleonRArmDigit11
[2018.10.07-02.41.15:287][739]LogFbx: SortedLinks :(26) CameleonRArmDigit12
[2018.10.07-02.41.15:287][739]LogFbx: SortedLinks :(27) CameleonRArmDigit13
[2018.10.07-02.41.15:287][739]LogFbx: SortedLinks :(28) CameleonRArmDigit21
[2018.10.07-02.41.15:287][739]LogFbx: SortedLinks :(29) CameleonRArmDigit22
[2018.10.07-02.41.15:287][739]LogFbx: SortedLinks :(30) CameleonRArmDigit23
[2018.10.07-02.41.15:287][739]LogFbx: SortedLinks :(31) CameleonRArmDigit31
[2018.10.07-02.41.15:287][739]LogFbx: SortedLinks :(32) CameleonRArmDigit32
[2018.10.07-02.41.15:287][739]LogFbx: SortedLinks :(33) CameleonRArmDigit33
[2018.10.07-02.41.15:287][739]LogFbx: SortedLinks :(34) CameleonTail1
[2018.10.07-02.41.15:287][739]LogFbx: SortedLinks :(35) CameleonTail2
[2018.10.07-02.41.15:287][739]LogFbx: SortedLinks :(36) CameleonTail3
[2018.10.07-02.41.15:287][739]LogFbx: SortedLinks :(37) CameleonTail4
[2018.10.07-02.41.15:287][739]LogFbx: SortedLinks :(38) CameleonTail5
[2018.10.07-02.41.15:287][739]LogFbx: SortedLinks :(39) CameleonTail6
[2018.10.07-02.41.15:287][739]LogFbx: SortedLinks :(40) CameleonRightLeg1
[2018.10.07-02.41.15:287][739]LogFbx: SortedLinks :(41) CameleonRightLeg2
[2018.10.07-02.41.15:287][739]LogFbx: SortedLinks :(42) CameleonRightLegAnkle
[2018.10.07-02.41.15:287][739]LogFbx: SortedLinks :(43) CameleonRightLegFoot1
[2018.10.07-02.41.15:287][739]LogFbx: SortedLinks :(44) CameleonRightLegFoot2
[2018.10.07-02.41.15:287][739]LogFbx: SortedLinks :(45) CameleonRightEndFoot
[2018.10.07-02.41.15:287][739]LogFbx: SortedLinks :(46) CameleonLeftLeg_1
[2018.10.07-02.41.15:287][739]LogFbx: SortedLinks :(47) CameleonLeftLeg_2
[2018.10.07-02.41.15:287][739]LogFbx: SortedLinks :(48) CameleonLeftLeg_Ankle
[2018.10.07-02.41.15:287][739]LogFbx: SortedLinks :(49) CameleonLeftLeg_Foot1
[2018.10.07-02.41.15:287][739]LogFbx: SortedLinks :(50) CameleonLeftLeg_Foot2
[2018.10.07-02.41.15:287][739]LogFbx: SortedLinks :(51) CameleonLeftFootEnd
[2018.10.07-02.41.15:288][739]LogFbx: Parsing AnimStack Take 001
[2018.10.07-02.41.15:292][739]LogLinker: Can't find file '/Game/Character/Animations/NPC_InterestedLoop'
[2018.10.07-02.41.15:292][739]LogLinker: Can't find file '/Game/Character/Animations/NPC_InterestedLoop'
[2018.10.07-02.41.15:296][739]LogFbx: CurveName : ik_blend
[2018.10.07-02.41.15:296][739]LogFbx: CurveName(ik_blend) is skipped because it only contains invalid values.
[2018.10.07-02.41.15:731][739]LogAnimationCompression: Building Anim DDC data for AnimSequence /Game/Character/Animations/NPC_InterestedLoop.NPC_InterestedLoop
[2018.10.07-02.41.15:732][739]LogAnimationCompression: Recompressing (AnimSequence /Engine/Transient.NPC_InterestedLoop) using current/default (AnimCompress_BitwiseCompressOnly_0) bFirstRecompressUsingCurrentOrDefault(1) bTryAlternateCompressor(0) IsCompressedDataValid(0)
[2018.10.07-02.41.18:274][849]LogSavePackage: Moving '../../../../../../Users/Catherine/Documents/Git/biopunchteam_01/Saved/Cameleon_happy9118C7FA4E3D69088501DE8B542B011F.tmp' to '../../../../../../Users/Catherine/Documents/Git/biopunchteam_01/Content/Character/Animations/Cameleon_happy.uasset'
[2018.10.07-02.41.18:329][849]LogSavePackage: Moving '../../../../../../Users/Catherine/Documents/Git/biopunchteam_01/Saved/Cameleon_RejectedE3EEC15E4FC6274F1093A0A27E52C49D.tmp' to '../../../../../../Users/Catherine/Documents/Git/biopunchteam_01/Content/Character/Animations/Cameleon_Rejected.uasset'
[2018.10.07-02.41.18:360][849]Cmd: OBJ SAVEPACKAGE PACKAGE="/Game/Character/Animations/NPC_Idle" FILE="../../../../../../Users/Catherine/Documents/Git/biopunchteam_01/Content/Character/Animations/NPC_Idle.uasset" SILENT=true
[2018.10.07-02.41.18:384][849]LogSavePackage: Moving '../../../../../../Users/Catherine/Documents/Git/biopunchteam_01/Saved/NPC_Idle406BDD4440F8DF16AECE54BC75F413CE.tmp' to '../../../../../../Users/Catherine/Documents/Git/biopunchteam_01/Content/Character/Animations/NPC_Idle.uasset'
[2018.10.07-02.41.18:433][849]LogSavePackage: Moving '../../../../../../Users/Catherine/Documents/Git/biopunchteam_01/Saved/NPC_InterestedLoop43B51B9A4F2AFC09ADA7B8B09951EB69.tmp' to '../../../../../../Users/Catherine/Documents/Git/biopunchteam_01/Content/Character/Animations/NPC_InterestedLoop.uasset'
[2018.10.07-02.41.18:491][849]LogSavePackage: Moving '../../../../../../Users/Catherine/Documents/Git/biopunchteam_01/Saved/NPC_InterestedStartA425C8774EC30D308CDF32A587F6CF34.tmp' to '../../../../../../Users/Catherine/Documents/Git/biopunchteam_01/Content/Character/Animations/NPC_InterestedStart.uasset'
[2018.10.07-02.41.22:876][ 21]LogAssetEditorManager: Opening Asset editor for AnimBlueprint /Game/Character/ABP_Cameleon.ABP_Cameleon
[2018.10.07-02.41.22:920][ 21]LogActorComponent: RegisterComponentWithWorld: (/Engine/Transient.World_12:PersistentLevel.AnimationEditorPreviewActor_0.DebugSkelMeshComponent_0) Already registered. Aborting.
[2018.10.07-02.41.23:445][ 21]LogSkeletalMesh: USkeletalMeshComponent::InitArticulated : Bodies already created (/Engine/Transient.World_12:PersistentLevel.AnimationEditorPreviewActor_0.DebugSkelMeshComponent_0) - call TermArticulated first.
[2018.10.07-02.41.24:118][ 21]LogContentBrowser: Verbose: The majority of assets in the view are of type: AnimSequence
[2018.10.07-02.41.47:060][792]LogSlate: FSceneViewport::OnFocusLost() reason 0
[2018.10.07-02.42.01:419][289]LogSlate: FSceneViewport::OnFocusLost() reason 0
[2018.10.07-02.42.03:497][359]LogSlate: Took 0.000254 seconds to synchronously load lazily loaded font '../../../Engine/Content/Slate/Fonts/Roboto-Italic.ttf' (157K)
[2018.10.07-02.42.18:113][887]LogSlate: Window 'ABP_Cameleon' being destroyed
[2018.10.07-02.42.19:298][922]LogAssetEditorManager: Opening Asset editor for AnimBlueprint /Game/Character/ABP_NPC.ABP_NPC
[2018.10.07-02.42.19:337][922]LogActorComponent: RegisterComponentWithWorld: (/Engine/Transient.World_17:PersistentLevel.AnimationEditorPreviewActor_0.DebugSkelMeshComponent_0) Already registered. Aborting.
[2018.10.07-02.42.19:865][922]LogSkeletalMesh: USkeletalMeshComponent::InitArticulated : Bodies already created (/Engine/Transient.World_17:PersistentLevel.AnimationEditorPreviewActor_0.DebugSkelMeshComponent_0) - call TermArticulated first.
[2018.10.07-02.42.20:460][922]LogContentBrowser: Verbose: The majority of assets in the view are of type: AnimSequence
[2018.10.07-02.42.49:859][ 27]BlueprintLog: New page: Compile ABP_NPC
[2018.10.07-02.42.49:906][ 27]LogBlueprint: Warning: [Compiler ABP_NPC] InterestedStart to InterestedLoop  will never be taken, please connect something to  Can Enter Transition
[2018.10.07-02.42.50:185][ 27]LogBlueprint: Warning: [Compiler ABP_NPC] [0214,80] Compile of ABP_NPC successful, but with 1 Warning(s) [in 326 ms] (/Game/Character/ABP_NPC.ABP_NPC)
[2018.10.07-02.42.50:685][ 40]Cmd: OBJ SAVEPACKAGE PACKAGE="/Game/Character/ABP_NPC" FILE="../../../../../../Users/Catherine/Documents/Git/biopunchteam_01/Content/Character/ABP_NPC.uasset" SILENT=true
[2018.10.07-02.42.50:805][ 40]LogSavePackage: Moving '../../../../../../Users/Catherine/Documents/Git/biopunchteam_01/Saved/ABP_NPCCB114DBE48B7E1D239A04AB0CD2F3807.tmp' to '../../../../../../Users/Catherine/Documents/Git/biopunchteam_01/Content/Character/ABP_NPC.uasset'
[2018.10.07-02.43.08:035][813]Cmd: OBJ SAVEPACKAGE PACKAGE="/Game/Character/ABP_NPC" FILE="../../../../../../Users/Catherine/Documents/Git/biopunchteam_01/Content/Character/ABP_NPC.uasset" SILENT=true
[2018.10.07-02.43.08:122][813]LogSavePackage: Moving '../../../../../../Users/Catherine/Documents/Git/biopunchteam_01/Saved/ABP_NPC7F4CEC474266E1A7283181BFBC28D3C5.tmp' to '../../../../../../Users/Catherine/Documents/Git/biopunchteam_01/Content/Character/ABP_NPC.uasset'
[2018.10.07-02.43.09:331][882]LogTemp: Repeating last play command: Selected Viewport
[2018.10.07-02.43.09:359][882]LogPlayLevel: PlayLevel: No blueprints needed recompiling
[2018.10.07-02.43.10:332][882]LogSlate: Window 'Message' being destroyed
[2018.10.07-02.43.10:347][882]PIE: New page: PIE session: MAP_Test (2018-10-06 18:43:10)
[2018.10.07-02.43.10:347][882]LogPlayLevel: Creating play world package: /Game/Maps/UEDPIE_0_MAP_Test
[2018.10.07-02.43.10:354][882]LogPlayLevel: PIE: StaticDuplicateObject took: (0.006390s)
[2018.10.07-02.43.10:355][882]LogAIModule: Creating AISystem for world MAP_Test
[2018.10.07-02.43.10:355][882]LogPlayLevel: PIE: World Init took: (0.000999s)
[2018.10.07-02.43.10:355][882]LogPlayLevel: PIE: Created PIE world by copying editor world from /Game/Maps/MAP_Test.MAP_Test to /Game/Maps/UEDPIE_0_MAP_Test.MAP_Test (0.007582s)
[2018.10.07-02.43.10:415][882]LogInit: XAudio2 using 'Haut-parleurs (Périphérique High Definition Audio)' : 2 channels at 44.1 kHz using 16 bits per sample (channel mask 0x3)
[2018.10.07-02.43.10:423][882]LogInit: FAudioDevice initialized.
[2018.10.07-02.43.10:463][882]LogLoad: Game class is 'SeriousGameGameMode_C'
[2018.10.07-02.43.10:469][882]LogWorld: Bringing World /Game/Maps/UEDPIE_0_MAP_Test.MAP_Test up for play (max tick rate 60) at 2018.10.06-22.43.10
[2018.10.07-02.43.10:469][882]LogWorld: Bringing up level for play took: 0.002125
[2018.10.07-02.43.10:566][882]LogContentBrowser: Native class hierarchy updated for 'MovieSceneCapture' in 0.0004 seconds. Added 10 classes and 0 folders.
[2018.10.07-02.43.10:569][882]PIE: Play in editor start time for /Game/Maps/UEDPIE_0_MAP_Test 1,843
[2018.10.07-02.43.15:516][168]LogSlate: Updating window title bar state: overlay mode, drag disabled, window buttons hidden, title bar hidden
[2018.10.07-02.43.15:555][168]LogPlayLevel: Display: Shutting down PIE online subsystems
[2018.10.07-02.43.15:610][168]LogSlate: Updating window title bar state: overlay mode, drag disabled, window buttons hidden, title bar hidden
[2018.10.07-02.43.15:636][169]LogPlayLevel: Display: Destroying online subsystem :Context_20
[2018.10.07-02.43.18:780][354]LogEditorViewport: Clicking on Actor (LMB): PeopleBlueprint_C (PeopleBlueprint2)
[2018.10.07-02.43.23:994][637]LogSlate: FSceneViewport::OnFocusLost() reason 0
[2018.10.07-02.43.36:136][313]LogEditorViewport: Clicking on Actor (LMB): PeopleBlueprint_C (PeopleBlueprint2)
[2018.10.07-02.43.36:207][314]LogEditorViewport: Clicking on Component (LMB): SkeletalMeshComponent (SK_Cameleon)
[2018.10.07-02.43.41:269][498]LogSlate: FSceneViewport::OnFocusLost() reason 2
[2018.10.07-02.43.48:498][831]LogEditorViewport: Clicking on Component (LMB): SkeletalMeshComponent (SK_Cameleon)
[2018.10.07-02.43.52:601][ 62]LogSlate: FSceneViewport::OnFocusLost() reason 2
[2018.10.07-02.43.55:486][204]LogSlate: FSceneViewport::OnFocusLost() reason 2
[2018.10.07-02.43.55:541][204]LogSlate: FSceneViewport::OnFocusLost() reason 2
[2018.10.07-02.44.08:159][849]LogSlate: FSceneViewport::OnFocusLost() reason 0
[2018.10.07-02.44.14:377][137]LogAssetEditorManager: Opening Asset editor for Blueprint /Game/BlueprintsV2/PeopleBlueprint.PeopleBlueprint
[2018.10.07-02.44.20:473][286]LogRenderer: Reallocating scene render targets to support 856x588 Format 9 NumSamples 1 (Frame:1).
[2018.10.07-02.44.27:752][537]LogClass: Warning: In asset 'None', there is an enum property of type 'EAnimationMode' with an invalid value of ''
[2018.10.07-02.44.27:752][537]LogClass: Warning: In asset 'None', there is an enum property of type 'EAnimationMode' with an invalid value of ''
[2018.10.07-02.44.27:752][537]LogClass: Warning: In asset 'None', there is an enum property of type 'EAnimationMode' with an invalid value of ''
[2018.10.07-02.44.27:752][537]LogClass: Warning: In asset 'None', there is an enum property of type 'EAnimationMode' with an invalid value of ''
[2018.10.07-02.44.27:752][537]LogClass: Warning: In asset 'None', there is an enum property of type 'EAnimationMode' with an invalid value of ''
[2018.10.07-02.44.27:752][537]LogClass: Warning: In asset 'None', there is an enum property of type 'EAnimationMode' with an invalid value of ''
[2018.10.07-02.44.32:770][715]BlueprintLog: New page: Compile PeopleBlueprint
[2018.10.07-02.44.34:314][736]Cmd: OBJ SAVEPACKAGE PACKAGE="/Game/BlueprintsV2/PeopleBlueprint" FILE="../../../../../../Users/Catherine/Documents/Git/biopunchteam_01/Content/BlueprintsV2/PeopleBlueprint.uasset" SILENT=true
[2018.10.07-02.44.34:388][736]LogSavePackage: Moving '../../../../../../Users/Catherine/Documents/Git/biopunchteam_01/Saved/PeopleBlueprint3AA7535646737D5559AAC7BD4858D121.tmp' to '../../../../../../Users/Catherine/Documents/Git/biopunchteam_01/Content/BlueprintsV2/PeopleBlueprint.uasset'
[2018.10.07-02.44.34:909][755]LogSlate: FSceneViewport::OnFocusLost() reason 0
[2018.10.07-02.44.36:914][812]LogSlate: Window 'PeopleBlueprint' being destroyed
[2018.10.07-02.44.37:958][853]LogSlate: FSceneViewport::OnFocusLost() reason 0
[2018.10.07-02.44.38:024][857]LogTemp: Repeating last play command: Selected Viewport
[2018.10.07-02.44.38:055][857]LogPlayLevel: PlayLevel: No blueprints needed recompiling
[2018.10.07-02.44.38:055][857]PIE: New page: PIE session: MAP_Test (2018-10-06 18:44:38)
[2018.10.07-02.44.38:056][857]LogPlayLevel: Creating play world package: /Game/Maps/UEDPIE_0_MAP_Test
[2018.10.07-02.44.38:062][857]LogPlayLevel: PIE: StaticDuplicateObject took: (0.006257s)
[2018.10.07-02.44.38:064][857]LogAIModule: Creating AISystem for world MAP_Test
[2018.10.07-02.44.38:064][857]LogPlayLevel: PIE: World Init took: (0.001625s)
[2018.10.07-02.44.38:064][857]LogPlayLevel: PIE: Created PIE world by copying editor world from /Game/Maps/MAP_Test.MAP_Test to /Game/Maps/UEDPIE_0_MAP_Test.MAP_Test (0.008139s)
[2018.10.07-02.44.38:128][857]LogInit: XAudio2 using 'Haut-parleurs (Périphérique High Definition Audio)' : 2 channels at 44.1 kHz using 16 bits per sample (channel mask 0x3)
[2018.10.07-02.44.38:135][857]LogInit: FAudioDevice initialized.
[2018.10.07-02.44.38:191][857]LogLoad: Game class is 'SeriousGameGameMode_C'
[2018.10.07-02.44.38:194][857]LogWorld: Bringing World /Game/Maps/UEDPIE_0_MAP_Test.MAP_Test up for play (max tick rate 60) at 2018.10.06-22.44.38
[2018.10.07-02.44.38:195][857]LogWorld: Bringing up level for play took: 0.002677
[2018.10.07-02.44.38:207][857]PIE: Play in editor start time for /Game/Maps/UEDPIE_0_MAP_Test -0,518
[2018.10.07-02.44.49:065][502]LogSlate: Updating window title bar state: overlay mode, drag disabled, window buttons hidden, title bar hidden
[2018.10.07-02.44.49:097][502]LogPlayLevel: Display: Shutting down PIE online subsystems
[2018.10.07-02.44.49:145][502]LogSlate: Updating window title bar state: overlay mode, drag disabled, window buttons hidden, title bar hidden
[2018.10.07-02.44.49:171][503]LogPlayLevel: Display: Destroying online subsystem :Context_22
[2018.10.07-02.44.51:486][601]LogSlate: FSceneViewport::OnFocusLost() reason 0
[2018.10.07-02.44.51:676][607]LogAssetEditorManager: Opening Asset editor for Blueprint /Game/BlueprintsV2/ChameleonPlayerBlueprint.ChameleonPlayerBlueprint
[2018.10.07-02.45.08:711][546]LogClass: Warning: In asset 'None', there is an enum property of type 'PlayerStatesEnum' with an invalid value of ''
[2018.10.07-02.45.08:711][546]LogClass: Warning: In asset 'None', there is an enum property of type 'PlayerStatesEnum' with an invalid value of ''
[2018.10.07-02.45.09:699][603]LogClass: Warning: In asset 'None', there is an enum property of type 'PlayerStatesEnum' with an invalid value of ''
[2018.10.07-02.45.09:699][603]LogClass: Warning: In asset 'None', there is an enum property of type 'PlayerStatesEnum' with an invalid value of ''
[2018.10.07-02.45.22:398][327]LogSlate: Prevented a slow task dialog from being summoned while a context menu was open
[2018.10.07-02.45.33:689][973]BlueprintLog: New page: Compile ChameleonPlayerBlueprint
[2018.10.07-02.45.34:901][  1]LogSavePackage: Moving '../../../../../../Users/Catherine/Documents/Git/biopunchteam_01/Saved/ChameleonPlayerBlueprintA522F3964644DE20252320B958EA5EE7.tmp' to '../../../../../../Users/Catherine/Documents/Git/biopunchteam_01/Content/BlueprintsV2/ChameleonPlayerBlueprint.uasset'
[2018.10.07-02.45.38:628][219]LogEditorViewport: Clicking on Actor (LMB): StaticMeshActor (Floor)
[2018.10.07-02.45.39:324][246]LogSlate: FSceneViewport::OnFocusLost() reason 0
[2018.10.07-02.45.39:376][249]LogTemp: Repeating last play command: Selected Viewport
[2018.10.07-02.45.39:410][249]LogPlayLevel: PlayLevel: No blueprints needed recompiling
[2018.10.07-02.45.39:410][249]PIE: New page: PIE session: MAP_Test (2018-10-06 18:45:39)
[2018.10.07-02.45.39:410][249]LogPlayLevel: Creating play world package: /Game/Maps/UEDPIE_0_MAP_Test
[2018.10.07-02.45.39:415][249]LogPlayLevel: PIE: StaticDuplicateObject took: (0.004504s)
[2018.10.07-02.45.39:416][249]LogAIModule: Creating AISystem for world MAP_Test
[2018.10.07-02.45.39:416][249]LogPlayLevel: PIE: World Init took: (0.001394s)
[2018.10.07-02.45.39:416][249]LogPlayLevel: PIE: Created PIE world by copying editor world from /Game/Maps/MAP_Test.MAP_Test to /Game/Maps/UEDPIE_0_MAP_Test.MAP_Test (0.006179s)
[2018.10.07-02.45.39:475][249]LogInit: XAudio2 using 'Haut-parleurs (Périphérique High Definition Audio)' : 2 channels at 44.1 kHz using 16 bits per sample (channel mask 0x3)
[2018.10.07-02.45.39:485][249]LogInit: FAudioDevice initialized.
[2018.10.07-02.45.39:521][249]LogLoad: Game class is 'SeriousGameGameMode_C'
[2018.10.07-02.45.39:526][249]LogWorld: Bringing World /Game/Maps/UEDPIE_0_MAP_Test.MAP_Test up for play (max tick rate 60) at 2018.10.06-22.45.39
[2018.10.07-02.45.39:526][249]LogWorld: Bringing up level for play took: 0.004724
[2018.10.07-02.45.39:543][249]PIE: Play in editor start time for /Game/Maps/UEDPIE_0_MAP_Test 0,816
[2018.10.07-02.45.43:061][452]LogSlate: Updating window title bar state: overlay mode, drag disabled, window buttons hidden, title bar hidden
[2018.10.07-02.45.43:097][452]LogPlayLevel: Display: Shutting down PIE online subsystems
[2018.10.07-02.45.43:160][452]LogSlate: Updating window title bar state: overlay mode, drag disabled, window buttons hidden, title bar hidden
[2018.10.07-02.45.43:189][453]LogPlayLevel: Display: Destroying online subsystem :Context_25
[2018.10.07-02.45.48:152][741]LogEditorViewport: Clicking on Actor (LMB): StaticMeshActor (Floor)
[2018.10.07-02.45.49:660][819]LogEditorViewport: Clicking on Actor (LMB): PeopleBlueprint_C (PeopleBlueprint4)
[2018.10.07-02.45.51:516][924]LogSlate: FSceneViewport::OnFocusLost() reason 0
[2018.10.07-02.46.34:961][289]LogSlate: FSceneViewport::OnFocusLost() reason 0
[2018.10.07-02.46.47:638][989]LogSlate: FSceneViewport::OnFocusLost() reason 0
[2018.10.07-02.46.55:342][447]LogScript: Warning: Attempted to access TRASH_SkeletalMeshComponent_1492 via property SK_Cameleon, but TRASH_SkeletalMeshComponent_1492 is pending kill
	ChameleonPlayerBlueprint_C /Engine/Transient.World_20:PersistentLevel.ChameleonPlayerBlueprint_C_0
	Function /Game/BlueprintsV2/ChameleonPlayerBlueprint.ChameleonPlayerBlueprint_C:UserConstructionScript:0016
[2018.10.07-02.46.55:342][447]LogScript: Warning: Attempted to access TRASH_SkeletalMeshComponent_1492 via property SK_Cameleon, but TRASH_SkeletalMeshComponent_1492 is pending kill
	ChameleonPlayerBlueprint_C /Engine/Transient.World_20:PersistentLevel.ChameleonPlayerBlueprint_C_0
	Function /Game/BlueprintsV2/ChameleonPlayerBlueprint.ChameleonPlayerBlueprint_C:UserConstructionScript:0083
[2018.10.07-02.46.55:347][447]LogScript: Warning: Attempted to access TRASH_SkeletalMeshComponent_92 via property SK_Cameleon, but TRASH_SkeletalMeshComponent_92 is pending kill
	ChameleonPlayerBlueprint_C /Engine/Transient.World_3:PersistentLevel.ChameleonPlayerBlueprint_C_1
	Function /Game/BlueprintsV2/ChameleonPlayerBlueprint.ChameleonPlayerBlueprint_C:UserConstructionScript:0016
[2018.10.07-02.46.55:348][447]LogScript: Warning: Attempted to access TRASH_SkeletalMeshComponent_92 via property SK_Cameleon, but TRASH_SkeletalMeshComponent_92 is pending kill
	ChameleonPlayerBlueprint_C /Engine/Transient.World_3:PersistentLevel.ChameleonPlayerBlueprint_C_1
	Function /Game/BlueprintsV2/ChameleonPlayerBlueprint.ChameleonPlayerBlueprint_C:UserConstructionScript:0083
[2018.10.07-02.46.55:411][447]LogScript: Warning: Attempted to access TRASH_SkeletalMeshComponent_1492 via property SK_Cameleon, but TRASH_SkeletalMeshComponent_1492 is pending kill
	ChameleonPlayerBlueprint_C /Engine/Transient.World_20:PersistentLevel.ChameleonPlayerBlueprint_C_0
	Function /Game/BlueprintsV2/ChameleonPlayerBlueprint.ChameleonPlayerBlueprint_C:UserConstructionScript:0016
[2018.10.07-02.46.55:411][447]LogScript: Warning: Attempted to access TRASH_SkeletalMeshComponent_1492 via property SK_Cameleon, but TRASH_SkeletalMeshComponent_1492 is pending kill
	ChameleonPlayerBlueprint_C /Engine/Transient.World_20:PersistentLevel.ChameleonPlayerBlueprint_C_0
	Function /Game/BlueprintsV2/ChameleonPlayerBlueprint.ChameleonPlayerBlueprint_C:UserConstructionScript:0083
[2018.10.07-02.46.59:304][673]LogEditorTransaction: Undo Remove Components
[2018.10.07-02.47.01:241][772]LogEditorTransaction: Undo Rename Component Variable
[2018.10.07-02.47.01:949][813]LogEditorTransaction: Undo Edit Visible
[2018.10.07-02.47.01:964][813]LogActorComponent: ~FComponentReregisterContext: (/Engine/Transient.World_20:PersistentLevel.ChameleonPlayerBlueprint_C_0.CollisionCylinder) Component already registered.
[2018.10.07-02.47.01:969][813]LogActorComponent: ~FComponentReregisterContext: (/Engine/Transient.World_20:PersistentLevel.ChameleonPlayerBlueprint_C_0.Arrow) Component already registered.
[2018.10.07-02.47.03:672][912]LogSlate: FSceneViewport::OnFocusLost() reason 0
[2018.10.07-02.47.13:320][414]LogSlate: Prevented a slow task dialog from being summoned while a context menu was open
[2018.10.07-02.47.15:992][557]BlueprintLog: New page: Compile ChameleonPlayerBlueprint
[2018.10.07-02.47.16:937][572]LogSavePackage: Moving '../../../../../../Users/Catherine/Documents/Git/biopunchteam_01/Saved/ChameleonPlayerBlueprintB1C9AF0044701A7CAEEDFA8DC369ED29.tmp' to '../../../../../../Users/Catherine/Documents/Git/biopunchteam_01/Content/BlueprintsV2/ChameleonPlayerBlueprint.uasset'
