Log file open, 10/06/18 19:53:56
LogWindows: Failed to load 'aqProf.dll' (GetLastError=126)
LogWindows: File 'aqProf.dll' does not exist
LogWindows: Failed to load 'VSPerf140.dll' (GetLastError=126)
LogWindows: File 'VSPerf140.dll' does not exist
LogWindows: Failed to load 'VtuneApi.dll' (GetLastError=126)
LogWindows: File 'VtuneApi.dll' does not exist
LogWindows: Failed to load 'VtuneApi32e.dll' (GetLastError=126)
LogWindows: File 'VtuneApi32e.dll' does not exist
LogInit: Display: Running engine for game: biopunchteam_01
LogPlatformFile: Not using cached read wrapper
LogTaskGraph: Started task graph with 5 named threads and 11 total threads with 3 sets of task threads.
LogStats: Stats thread started at 10.690533
LogD3D11RHI: Loaded GFSDK_Aftermath_Lib.x64.dll
LogICUInternationalization: Display: ICU TimeZone Detection - Raw Offset: -5:00, Platform Override: ''
LogPluginManager: Mounting plugin Paper2D
LogPluginManager: Mounting plugin AISupport
LogPluginManager: Mounting plugin LightPropagationVolume
LogPluginManager: Mounting plugin CLionSourceCodeAccess
LogPluginManager: Mounting plugin CodeLiteSourceCodeAccess
LogPluginManager: Mounting plugin GitSourceControl
LogPluginManager: Mounting plugin KDevelopSourceCodeAccess
LogPluginManager: Mounting plugin NullSourceCodeAccess
LogPluginManager: Mounting plugin PerforceSourceControl
LogPluginManager: Mounting plugin SubversionSourceControl
LogPluginManager: Mounting plugin UObjectPlugin
LogPluginManager: Mounting plugin VisualStudioCodeSourceCodeAccess
LogPluginManager: Mounting plugin VisualStudioSourceCodeAccess
LogPluginManager: Mounting plugin XCodeSourceCodeAccess
LogPluginManager: Mounting plugin AssetManagerEditor
LogPluginManager: Mounting plugin CryptoKeys
LogPluginManager: Mounting plugin DataValidation
LogPluginManager: Mounting plugin FacialAnimation
LogPluginManager: Mounting plugin GameplayTagsEditor
LogPluginManager: Mounting plugin MacGraphicsSwitching
LogPluginManager: Mounting plugin MeshEditor
LogPluginManager: Mounting plugin MobileLauncherProfileWizard
LogPluginManager: Mounting plugin PluginBrowser
LogPluginManager: Mounting plugin SpeedTreeImporter
LogPluginManager: Mounting plugin DatasmithContent
LogPluginManager: Mounting plugin AlembicImporter
LogPluginManager: Mounting plugin AppleImageUtils
LogPluginManager: Mounting plugin AppleVision
LogPluginManager: Mounting plugin BackChannel
LogPluginManager: Mounting plugin CharacterAI
LogPluginManager: Mounting plugin GeometryCache
LogPluginManager: Mounting plugin HTML5Networking
LogPluginManager: Mounting plugin ProxyLODPlugin
LogPluginManager: Mounting plugin MagicLeap
LogPluginManager: Mounting plugin MagicLeapEmulator
LogPluginManager: Mounting plugin MagicLeapMedia
LogPluginManager: Mounting plugin AndroidMedia
LogPluginManager: Mounting plugin AvfMedia
LogPluginManager: Mounting plugin ImgMedia
LogPluginManager: Mounting plugin LinearTimecode
LogPluginManager: Mounting plugin MediaCompositing
LogPluginManager: Mounting plugin MediaPlayerEditor
LogPluginManager: Mounting plugin WmfMedia
LogPluginManager: Mounting plugin TcpMessaging
LogPluginManager: Mounting plugin UdpMessaging
LogPluginManager: Mounting plugin ActorSequence
LogPluginManager: Mounting plugin LevelSequenceEditor
LogPluginManager: Mounting plugin MatineeToLevelSequence
LogPluginManager: Mounting plugin NetcodeUnitTest
LogPluginManager: Mounting plugin NUTUnrealEngine4
LogPluginManager: Mounting plugin OnlineSubsystemGooglePlay
LogPluginManager: Mounting plugin OnlineSubsystemIOS
LogPluginManager: Mounting plugin OnlineSubsystem
LogPluginManager: Mounting plugin OnlineSubsystemNull
LogPluginManager: Mounting plugin OnlineSubsystemUtils
LogPluginManager: Mounting plugin LauncherChunkInstaller
LogPluginManager: Mounting plugin AndroidDeviceProfileSelector
LogPluginManager: Mounting plugin AndroidMoviePlayer
LogPluginManager: Mounting plugin AndroidPermission
LogPluginManager: Mounting plugin AppleMoviePlayer
LogPluginManager: Mounting plugin ArchVisCharacter
LogPluginManager: Mounting plugin AudioCapture
LogPluginManager: Mounting plugin CableComponent
LogPluginManager: Mounting plugin CustomMeshComponent
LogPluginManager: Mounting plugin EditableMesh
LogPluginManager: Mounting plugin ExampleDeviceProfileSelector
LogPluginManager: Mounting plugin GoogleCloudMessaging
LogPluginManager: Mounting plugin ImmediatePhysics
LogPluginManager: Mounting plugin IOSDeviceProfileSelector
LogPluginManager: Mounting plugin LinuxDeviceProfileSelector
LogPluginManager: Mounting plugin LocationServicesBPLibrary
LogPluginManager: Mounting plugin MobilePatchingUtils
LogPluginManager: Mounting plugin OculusVR
LogPluginManager: Plugin shader directory ../../../Engine/Plugins/Runtime/Oculus/OculusVR/Shaders found
LogPluginManager: Mapping shader source directory ../../../Engine/Plugins/Runtime/Oculus/OculusVR/Shaders to virtual directory /Plugin/OculusVR
LogPluginManager: Mounting plugin PhysXVehicles
LogPluginManager: Mounting plugin ProceduralMeshComponent
LogPluginManager: Mounting plugin RuntimePhysXCooking
LogPluginManager: Mounting plugin SteamVR
LogPluginManager: Mounting plugin WindowsMoviePlayer
LogStreaming: Display: Took  1.104s to configure plugins.
LogInit: Using libcurl 7.55.1-DEV
LogInit:  - built for x86_64-pc-win32
LogInit:  - supports SSL with OpenSSL/1.0.2h
LogInit:  - supports HTTP deflate (compression) using libz 1.2.8
LogInit:  - other features:
LogInit:      CURL_VERSION_SSL
LogInit:      CURL_VERSION_LIBZ
LogInit:      CURL_VERSION_IPV6
LogInit:      CURL_VERSION_ASYNCHDNS
LogInit:      CURL_VERSION_LARGEFILE
LogInit:      CURL_VERSION_IDN
LogInit:  CurlRequestOptions (configurable via config and command line):
LogInit:  - bVerifyPeer = false  - Libcurl will NOT verify peer certificate
LogInit:  - bUseHttpProxy = false  - Libcurl will NOT use HTTP proxy
LogInit:  - bDontReuseConnections = false  - Libcurl will reuse connections
LogInit:  - CertBundlePath = nullptr  - Libcurl will use whatever was configured at build time.
LogInit:  - MaxHostConnections = 16  - Libcurl will limit the number of connections to a host
LogInit:  - LocalHostAddr = Default
LogInit:  - BufferSize = 65536
LogInit: WinSock: version 1.1 (2.2), MaxSocks=32767, MaxUdp=65467
LogInit: Build: ++UE4+Release-4.20-CL-4369336
LogInit: Engine Version: 4.20.3-4369336+++UE4+Release-4.20
LogInit: Compatible Engine Version: 4.20.0-4212847+++UE4+Release-4.20
LogInit: Net CL: 4212847
LogInit: OS: Windows 7 (Service Pack 1), CPU: Intel(R) Core(TM) i5-5200U CPU @ 2.20GHz, GPU: Intel(R) HD Graphics 5500
LogInit: Compiled (64-bit): Sep 17 2018 12:26:19
LogInit: Compiled with Visual C++: 19.13.26129.00
LogInit: Build Configuration: Development
LogInit: Branch Name: ++UE4+Release-4.20
LogInit: Command Line:  
LogInit: Base Directory: C:/Program Files/Epic Games/UE_4.20/Engine/Binaries/Win64/
LogInit: Installed Engine Build: 1
LogDevObjectVersion: Number of dev versions registered: 20
LogDevObjectVersion:   Dev-Blueprints (B0D832E4-1F89-4F0D-ACCF-7EB736FD4AA2): 10
LogDevObjectVersion:   Dev-Build (E1C64328-A22C-4D53-A36C-8E866417BD8C): 0
LogDevObjectVersion:   Dev-Core (375EC13C-06E4-48FB-B500-84F0262A717E): 2
LogDevObjectVersion:   Dev-Editor (E4B068ED-F494-42E9-A231-DA0B2E46BB41): 24
LogDevObjectVersion:   Dev-Framework (CFFC743F-43B0-4480-9391-14DF171D2073): 34
LogDevObjectVersion:   Dev-Mobile (B02B49B5-BB20-44E9-A304-32B752E40360): 2
LogDevObjectVersion:   Dev-Networking (A4E4105C-59A1-49B5-A7C5-40C4547EDFEE): 0
LogDevObjectVersion:   Dev-Online (39C831C9-5AE6-47DC-9A44-9C173E1C8E7C): 0
LogDevObjectVersion:   Dev-Physics (78F01B33-EBEA-4F98-B9B4-84EACCB95AA2): 0
LogDevObjectVersion:   Dev-Platform (6631380F-2D4D-43E0-8009-CF276956A95A): 0
LogDevObjectVersion:   Dev-Rendering (12F88B9F-8875-4AFC-A67C-D90C383ABD29): 26
LogDevObjectVersion:   Dev-Sequencer (7B5AE74C-D270-4C10-A958-57980B212A5A): 9
LogDevObjectVersion:   Dev-VR (D7296918-1DD6-4BDD-9DE2-64A83CC13884): 2
LogDevObjectVersion:   Dev-LoadTimes (C2A15278-BFE7-4AFE-6C17-90FF531DF755): 1
LogDevObjectVersion:   Private-Geometry (6EACA3D4-40EC-4CC1-B786-8BED09428FC5): 3
LogDevObjectVersion:   Dev-AnimPhys (29E575DD-E0A3-4627-9D10-D276232CDCEA): 17
LogDevObjectVersion:   Dev-ReflectionCapture (6B266CEC-1EC7-4B8F-A30B-E4D90942FC07): 1
LogDevObjectVersion:   Dev-Automation (0DF73D61-A23F-47EA-B727-89E90C41499A): 1
LogDevObjectVersion:   FortniteMain (601D1886-AC64-4F84-AA16-D3DE0DEAC7D6): 12
LogDevObjectVersion:   Dev-Enterprise (9DFFBCD6-494F-0158-E221-12823C92A888): 1
LogStreaming: Display: Took  0.001s to delete old logs.
LogInit: Presizing for max 8388607 objects, including 0 objects not considered by GC, pre-allocating 0 bytes for permanent pool.
LogInit: Object subsystem initialized
[2018.10.06-23.54.02:488][  0]LogInit: Selected Device Profile: [Windows]
[2018.10.06-23.54.02:488][  0]LogInit: Applying CVar settings loaded from the selected device profile: [Windows]
[2018.10.06-23.54.02:572][  0]LogHAL: Display: Platform has ~ 8 GB [8505446400 / 8589934592 / 8], which maps to Default [LargestMinGB=32, LargerMinGB=12, DefaultMinGB=8, SmallerMinGB=6, SmallestMinGB=0)
[2018.10.06-23.54.02:581][  0]LogInit: Setting Device Profile CVar: [[r.Vulkan.UseRealUBs:1]]
[2018.10.06-23.54.02:595][  0]LogInit: Going up to parent DeviceProfile []
[2018.10.06-23.54.02:648][  0]LogInit: Computer: THE-BIRD
[2018.10.06-23.54.02:648][  0]LogInit: User: Catherine
[2018.10.06-23.54.02:649][  0]LogInit: CPU Page size=4096, Cores=2
[2018.10.06-23.54.02:649][  0]LogInit: High frequency timer resolution =2.143505 MHz
[2018.10.06-23.54.02:649][  0]LogMemory: Memory total: Physical=7.9GB (8GB approx)
[2018.10.06-23.54.02:649][  0]LogMemory: Platform Memory Stats for Windows
[2018.10.06-23.54.02:649][  0]LogMemory: Process Physical Memory: 102.23 MB used, 102.23 MB peak
[2018.10.06-23.54.02:649][  0]LogMemory: Process Virtual Memory: 87.58 MB used, 87.58 MB peak
[2018.10.06-23.54.02:649][  0]LogMemory: Physical Memory: 6837.08 MB used,  1274.35 MB free, 8111.43 MB total
[2018.10.06-23.54.02:649][  0]LogMemory: Virtual Memory: 473.69 MB used,  1274.35 MB free, 8388608.00 MB total
[2018.10.06-23.54.05:358][  0]LogInit: Using OS detected language (fr-CA).
[2018.10.06-23.54.05:358][  0]LogInit: Using OS detected locale (fr-CA).
[2018.10.06-23.54.05:490][  0]LogTextLocalizationManager: No specific localization for 'fr-CA' exists, so the 'fr' localization will be used.
[2018.10.06-23.54.05:751][  0]LogStreaming: Display: Took  0.376s to InitEngineTextLocalization.
[2018.10.06-23.54.05:836][  0]LogWindows: Failed to load 'shcore.dll' (GetLastError=126)
[2018.10.06-23.54.05:836][  0]LogWindows: File 'shcore.dll' does not exist
[2018.10.06-23.54.05:836][  0]LogInit: Setting process to DPI aware
[2018.10.06-23.54.07:331][  0]LogSlate: New Slate User Created.  User Index 0, Is Virtual User: 0
[2018.10.06-23.54.07:331][  0]LogSlate: Slate User Registered.  User Index 0, Is Virtual User: 0
[2018.10.06-23.54.16:305][  0]LogHMD: Failed to initialize OpenVR with code 110
[2018.10.06-23.54.16:305][  0]LogD3D11RHI: D3D11 adapters:
[2018.10.06-23.54.16:460][  0]LogD3D11RHI:    0. 'NVIDIA GeForce 840M' (Feature Level 11_0)
[2018.10.06-23.54.16:460][  0]LogD3D11RHI:       1995/0/3799 MB DedicatedVideo/DedicatedSystem/SharedSystem, Outputs:1, VendorId:0x10de
[2018.10.06-23.54.16:492][  0]LogD3D11RHI:    1. 'NVIDIA GeForce 840M' (Feature Level 11_0)
[2018.10.06-23.54.16:492][  0]LogD3D11RHI:       1995/0/3799 MB DedicatedVideo/DedicatedSystem/SharedSystem, Outputs:0, VendorId:0x10de
[2018.10.06-23.54.16:493][  0]LogD3D11RHI: Chosen D3D11 Adapter: 0
[2018.10.06-23.54.16:538][  0]LogD3D11RHI: Creating new Direct3DDevice
[2018.10.06-23.54.16:538][  0]LogD3D11RHI:     GPU DeviceId: 0x1341 (for the marketing name, search the web for "GPU Device Id")
[2018.10.06-23.54.16:538][  0]LogWindows: EnumDisplayDevices:
[2018.10.06-23.54.16:538][  0]LogWindows:    0. 'Intel(R) HD Graphics 5500' (P:1 D:1)
[2018.10.06-23.54.16:538][  0]LogWindows:    1. 'Intel(R) HD Graphics 5500' (P:0 D:0)
[2018.10.06-23.54.16:538][  0]LogWindows:    2. 'Intel(R) HD Graphics 5500' (P:0 D:0)
[2018.10.06-23.54.16:539][  0]LogWindows:    3. 'NVIDIA GeForce 840M' (P:0 D:0)
[2018.10.06-23.54.16:539][  0]LogWindows:    4. 'RDPDD Chained DD' (P:0 D:0)
[2018.10.06-23.54.16:539][  0]LogWindows:    5. 'RDP Encoder Mirror Driver' (P:0 D:0)
[2018.10.06-23.54.16:539][  0]LogWindows:    6. 'RDP Reflector Display Driver' (P:0 D:0)
[2018.10.06-23.54.16:539][  0]LogWindows: DebugString: PrimaryIsNotTheChoosenAdapter PrimaryIsNotTheChoosenAdapter PrimaryIsNotTheChoosenAdapter GetVideoDriverDetailsInvalid PrimaryIsNotTheChoosenAdapter GetVideoDriverDetailsInvalid PrimaryIsNotTheChoosenAdapter GetVideoDriverDetailsInvalid PrimaryIsNotTheChoosenAdapter 
[2018.10.06-23.54.16:539][  0]LogD3D11RHI:     Adapter Name: NVIDIA GeForce 840M
[2018.10.06-23.54.16:548][  0]LogD3D11RHI:   Driver Version: 376.54 (internal:21.21.13.7654, unified:376.54)
[2018.10.06-23.54.16:548][  0]LogD3D11RHI:      Driver Date: 12-29-2016
[2018.10.06-23.54.16:548][  0]LogRHI: Texture pool is 1397 MB (70% of 1995 MB)
[2018.10.06-23.54.16:712][  0]LogD3D11RHI: Async texture creation enabled
[2018.10.06-23.54.17:068][  0]LogD3D11RHI: GPU Timing Frequency: 1000.000000 (Debug: 2 7)
[2018.10.06-23.54.17:218][  0]LogShaderCompilers: Guid format shader working directory is -14 characters bigger than the processId version (../../../../../../Users/Catherine/Documents/Git/biopunchteam_01/Intermediate/Shaders/WorkingDirectory/12636/).
[2018.10.06-23.54.17:219][  0]LogShaderCompilers: Cleaned the shader compiler working directory 'C:/Users/Catherine/AppData/Local/Temp/UnrealShaderWorkingDir/D4EE10C3417A45A722686198F1DED7C6/'.
[2018.10.06-23.54.22:690][  0]LogTemp: Display: Loaded TP AllDesktopTargetPlatform
[2018.10.06-23.54.22:735][  0]LogTemp: Display: Loaded TP MacClientTargetPlatform
[2018.10.06-23.54.22:779][  0]LogTemp: Display: Loaded TP MacNoEditorTargetPlatform
[2018.10.06-23.54.22:807][  0]LogTemp: Display: Loaded TP MacServerTargetPlatform
[2018.10.06-23.54.22:863][  0]LogTemp: Display: Loaded TP MacTargetPlatform
[2018.10.06-23.54.22:921][  0]LogTemp: Display: Loaded TP WindowsClientTargetPlatform
[2018.10.06-23.54.22:964][  0]LogTemp: Display: Loaded TP WindowsNoEditorTargetPlatform
[2018.10.06-23.54.22:992][  0]LogTemp: Display: Loaded TP WindowsServerTargetPlatform
[2018.10.06-23.54.23:024][  0]LogTemp: Display: Loaded TP WindowsTargetPlatform
[2018.10.06-23.54.23:212][  0]LogTemp: Display: Loaded TP AndroidTargetPlatform
[2018.10.06-23.54.23:212][  0]LogTemp: Display: Loaded TP AndroidTargetPlatform
[2018.10.06-23.54.23:212][  0]LogTemp: Display: Loaded TP AndroidTargetPlatform
[2018.10.06-23.54.23:212][  0]LogTemp: Display: Loaded TP AndroidTargetPlatform
[2018.10.06-23.54.23:212][  0]LogTemp: Display: Loaded TP AndroidTargetPlatform
[2018.10.06-23.54.23:212][  0]LogTemp: Display: Loaded TP AndroidTargetPlatform
[2018.10.06-23.54.23:212][  0]LogTemp: Display: Loaded TP AndroidTargetPlatform
[2018.10.06-23.54.23:212][  0]LogTemp: Display: Loaded TP AndroidTargetPlatform
[2018.10.06-23.54.23:212][  0]LogTemp: Display: Loaded TP AndroidTargetPlatform
[2018.10.06-23.54.23:212][  0]LogTemp: Display: Loaded TP AndroidTargetPlatform
[2018.10.06-23.54.23:212][  0]LogTemp: Display: Loaded TP AndroidTargetPlatform
[2018.10.06-23.54.23:212][  0]LogTemp: Display: Loaded TP AndroidTargetPlatform
[2018.10.06-23.54.23:212][  0]LogTemp: Display: Loaded TP AndroidTargetPlatform
[2018.10.06-23.54.23:212][  0]LogTemp: Display: Loaded TP AndroidTargetPlatform
[2018.10.06-23.54.23:212][  0]LogTemp: Display: Loaded TP AndroidTargetPlatform
[2018.10.06-23.54.23:212][  0]LogTemp: Display: Loaded TP AndroidTargetPlatform
[2018.10.06-23.54.23:212][  0]LogTemp: Display: Loaded TP AndroidTargetPlatform
[2018.10.06-23.54.23:212][  0]LogTemp: Display: Loaded TP AndroidTargetPlatform
[2018.10.06-23.54.23:243][  0]LogTemp: Display: Loaded TP HTML5TargetPlatform
[2018.10.06-23.54.23:421][  0]LogTemp: Display: Loaded TP IOSTargetPlatform
[2018.10.06-23.54.23:421][  0]LogTemp: Display: Loaded TP IOSTargetPlatform
[2018.10.06-23.54.23:472][  0]LogTemp: Display: Loaded TP TVOSTargetPlatform
[2018.10.06-23.54.23:472][  0]LogTemp: Display: Loaded TP TVOSTargetPlatform
[2018.10.06-23.54.23:527][  0]LogTemp: Display: Loaded TP LinuxClientTargetPlatform
[2018.10.06-23.54.23:555][  0]LogTemp: Display: Loaded TP LinuxNoEditorTargetPlatform
[2018.10.06-23.54.23:610][  0]LogTemp: Display: Loaded TP LinuxServerTargetPlatform
[2018.10.06-23.54.23:667][  0]LogTemp: Display: Loaded TP LinuxTargetPlatform
[2018.10.06-23.54.23:703][  0]LogTemp: Display: Loaded TP LuminTargetPlatform
[2018.10.06-23.54.23:703][  0]LogTargetPlatformManager: Display: Building Assets For Windows
[2018.10.06-23.54.24:673][  0]LogXGEController: Cleaning working directory: C:/Users/Catherine/AppData/Local/Temp/UnrealXGEWorkingDir/
[2018.10.06-23.54.24:673][  0]LogXGEController: Cannot use XGE Controller as Incredibuild is not installed on this machine.
[2018.10.06-23.54.24:673][  0]LogShaderCompilers: Cannot use XGE Shader Compiler as Incredibuild is not installed on this machine.
[2018.10.06-23.54.24:673][  0]LogShaderCompilers: Display: Using Local Shader Compiler.
[2018.10.06-23.54.33:642][  0]LogDerivedDataCache: Display: Max Cache Size: 512 MB
[2018.10.06-23.54.33:642][  0]LogDerivedDataCache: Display: Starting with empty Boot cache
[2018.10.06-23.54.33:642][  0]LogDerivedDataCache: FDerivedDataBackendGraph:  Pak pak cache file ../../../../../../Users/Catherine/Documents/Git/biopunchteam_01/DerivedDataCache/DDC.ddp not found, will not use a pak cache.
[2018.10.06-23.54.33:642][  0]LogDerivedDataCache: Unable to find inner node Pak for hierarchical cache Hierarchy.
[2018.10.06-23.54.33:642][  0]LogDerivedDataCache: FDerivedDataBackendGraph:  CompressedPak pak cache file ../../../../../../Users/Catherine/Documents/Git/biopunchteam_01/DerivedDataCache/Compressed.ddp not found, will not use a pak cache.
[2018.10.06-23.54.33:642][  0]LogDerivedDataCache: Unable to find inner node CompressedPak for hierarchical cache Hierarchy.
[2018.10.06-23.54.33:955][  0]LogDerivedDataCache: Display: Pak cache opened for reading ../../../Engine/DerivedDataCache/Compressed.ddp.
[2018.10.06-23.54.34:002][  0]LogDerivedDataCache: Using Local data cache path C:/Users/Catherine/AppData/Local/UnrealEngine/Common/DerivedDataCache: Writable
[2018.10.06-23.54.34:002][  0]LogDerivedDataCache: Shared data cache path not found in *engine.ini, will not use an Shared cache.
[2018.10.06-23.54.34:002][  0]LogDerivedDataCache: Unable to find inner node Shared for hierarchical cache Hierarchy.
[2018.10.06-23.54.34:397][  0]LogMaterial: Verifying Global Shaders for PCD3D_SM5
[2018.10.06-23.54.34:555][  0]LogSlate: Using FreeType 2.6.0
[2018.10.06-23.54.34:865][  0]LogSlate: SlateFontServices - WITH_FREETYPE: 1, WITH_HARFBUZZ: 1
[2018.10.06-23.54.40:939][  0]LogAssetRegistry: FAssetRegistry took 0.0730 seconds to start up
[2018.10.06-23.54.54:889][  0]LogInit: Selected Device Profile: [Windows]
[2018.10.06-23.55.10:680][  0]LogSimplygon: Simplygon DLL not present - disabling.
[2018.10.06-23.55.11:630][  0]LogMeshReduction: Using SimplygonSwarm for distributed automatic mesh merging
[2018.10.06-23.55.11:645][  0]LogMeshReduction: Using ProxyLODMeshReduction for automatic mesh merging
[2018.10.06-23.55.11:896][  0]LogMeshReduction: Using QuadricMeshReduction for automatic static mesh reduction
[2018.10.06-23.55.11:896][  0]LogMeshReduction: No automatic skeletal mesh reduction module available
[2018.10.06-23.55.14:605][  0]LogNetVersion: biopunchteam_01 1.0.0, NetCL: 4212847, EngineNetVer: 5, GameNetVer: 0 (Checksum: 3490124615)
[2018.10.06-23.56.01:120][  0]LogPackageLocalizationCache: Processed 11 localized package path(s) for 2 prioritized culture(s) in 0.292922 seconds
[2018.10.06-23.56.01:458][  0]LogUObjectArray: 38447 objects as part of root set at end of initial load.
[2018.10.06-23.56.01:458][  0]LogUObjectAllocator: 6692624 out of 0 bytes used by permanent object pool.
[2018.10.06-23.56.01:458][  0]LogUObjectArray: CloseDisregardForGC: 0/0 objects in disregard for GC pool
[2018.10.06-23.58.02:642][  0]LogTcpMessaging: Initializing TcpMessaging bridge
[2018.10.06-23.58.02:781][  0]LogUdpMessaging: Initializing bridge on interface 0.0.0.0:0 to multicast group 230.0.0.1:6666.
[2018.10.06-23.58.10:739][  0]SourceControl: Source control is disabled
[2018.10.06-23.58.10:740][  0]SourceControl: Source control is disabled
[2018.10.06-23.58.11:067][  0]SourceControl: Source control is disabled
[2018.10.06-23.58.11:291][  0]SourceControl: Source control is disabled
[2018.10.06-23.58.20:680][  0]LogAndroidPermission: UAndroidPermissionCallbackProxy::GetInstance
[2018.10.06-23.58.22:712][  0]LogOcInput: OculusInput pre-init called
[2018.10.06-23.58.25:203][  0]LogEngine: Initializing Engine...
[2018.10.06-23.58.25:392][  0]LogHMD: Failed to initialize OpenVR with code 110
[2018.10.06-23.58.25:461][  0]LogStats: UGameplayTagsManager::ConstructGameplayTagTree: ImportINI prefixes -  0.001 s
[2018.10.06-23.58.25:461][  0]LogStats: UGameplayTagsManager::ConstructGameplayTagTree: Construct from data asset -  0.000 s
[2018.10.06-23.58.25:461][  0]LogStats: UGameplayTagsManager::ConstructGameplayTagTree: ImportINI -  0.000 s
[2018.10.06-23.58.25:462][  0]LogStats: UGameplayTagsManager::ConstructGameplayTagTree: GameplayTagTreeChangedEvent.Broadcast -  0.000 s
[2018.10.06-23.58.31:091][  0]LogInit: Initializing FReadOnlyCVARCache
[2018.10.06-23.58.32:765][  0]LogAIModule: Creating AISystem for world Untitled
[2018.10.06-23.58.33:231][  0]LogInit: XAudio2 using 'Haut-parleurs (Périphérique High Definition Audio)' : 2 channels at 44.1 kHz using 16 bits per sample (channel mask 0x3)
[2018.10.06-23.58.33:362][  0]LogInit: FAudioDevice initialized.
[2018.10.06-23.58.33:363][  0]LogNetVersion: Set ProjectVersion to 1.0.0.0. Version Checksum will be recalculated on next use.
[2018.10.06-23.58.33:588][  0]LogDerivedDataCache: Saved boot cache 0.22s 87MB C:/Users/Catherine/AppData/Local/UnrealEngine/4.20/DerivedDataCache/Boot.ddc.
[2018.10.06-23.58.33:597][  0]LogInit: Texture streaming: Enabled
[2018.10.06-23.58.34:366][  0]LogEngineSessionManager: EngineSessionManager initialized
[2018.10.06-23.58.34:992][  0]LogInit: Transaction tracking system initialized
[2018.10.06-23.58.45:296][  0]BlueprintLog: New page: Editor Load
[2018.10.06-23.59.04:354][  0]LocalizationService: Localization service is disabled
[2018.10.06-23.59.13:230][  0]LogFileCache: Scanning file cache for directory 'C:/Users/Catherine/Documents/Git/biopunchteam_01/Content/' took 0.17s
[2018.10.06-23.59.13:230][  0]LogCook: Display: Max memory allowance for cook 16384mb min free memory 0mb
[2018.10.06-23.59.13:297][  0]LogCook: Display: Mobile HDR setting 1
[2018.10.06-23.59.13:331][  0]LogGameplayTags: Display: UGameplayTagsManager::DoneAddingNativeTags. DelegateIsBound: 0
[2018.10.06-23.59.13:331][  0]LogStats: UGameplayTagsManager::ConstructGameplayTagTree: ImportINI prefixes -  0.000 s
[2018.10.06-23.59.13:331][  0]LogStats: UGameplayTagsManager::ConstructGameplayTagTree: Construct from data asset -  0.000 s
[2018.10.06-23.59.13:331][  0]LogStats: UGameplayTagsManager::ConstructGameplayTagTree: ImportINI -  0.000 s
[2018.10.06-23.59.13:331][  0]LogStats: UGameplayTagsManager::ConstructGameplayTagTree: GameplayTagTreeChangedEvent.Broadcast -  0.000 s
[2018.10.06-23.59.29:534][  0]SourceControl: Source control is disabled
[2018.10.06-23.59.29:781][  0]Cmd: MAP LOAD FILE="../../../../../../Users/Catherine/Documents/Git/biopunchteam_01/Content/Maps/MAP_Test.umap" TEMPLATE=0 SHOWPROGRESS=1 FEATURELEVEL=3
[2018.10.06-23.59.30:129][  0]LightingResults: New page: Lighting Build
[2018.10.06-23.59.32:767][  0]MapCheck: New page: Map Check
[2018.10.06-23.59.32:767][  0]LightingResults: New page: Lighting Build
[2018.10.06-23.59.41:712][  0]LogBlueprint: Error: [Compiler SeriousGameGameMode] Get number of entries in (bad enum)  must have a valid enum defined
[2018.10.06-23.59.41:715][  0]LogBlueprint: Error: [Compiler SeriousGameGameMode] Unexpected node type K2Node_GetNumEnumEntries encountered at  Get number of entries in (bad enum)
[2018.10.06-23.59.41:716][  0]LogBlueprint: Error: [Compiler SeriousGameGameMode] Unexpected node type K2Node_GetNumEnumEntries encountered at  Get number of entries in (bad enum)
[2018.10.06-23.59.41:718][  0]LogBlueprint: Warning: [Compiler SeriousGameGameMode] [0377,74] Compile of SeriousGameGameMode failed. 3 Fatal Issue(s) 0 Warning(s) [in 20 ms] (/Game/BlueprintsV2/SeriousGameGameMode.SeriousGameGameMode)
[2018.10.06-23.59.46:109][  0]LogTexture: Display: Building textures: Gecko_Final_LD2_Eeyes_OcclusionRoughnessMetallic (AutoDXT, 1024X1024)
[2018.10.06-23.59.46:109][  0]LogTexture: Display: Building textures: Gecko_Final_LD2_Eeyes_Normal (BC5, 1024X1024)
[2018.10.06-23.59.46:907][  0]LogTexture: Display: Building textures: Gecko_Final_LD2_Body_Normal (BC5, 2048X2048)
[2018.10.06-23.59.46:907][  0]LogTexture: Display: Building textures: Gecko_Final_LD2_Body_BaseColor (AutoDXT, 2048X2048)
[2018.10.06-23.59.52:524][  0]LogTexture: Display: Building textures: Gecko_Final_LD2_Eeyes_BaseColor (AutoDXT, 1024X1024)
[2018.10.06-23.59.52:524][  0]LogTexture: Display: Building textures: Gecko_Final_LD2_Body_OcclusionRoughnessMetallic (AutoDXT, 2048X2048)
[2018.10.06-23.59.55:098][  0]LogMaterial: Display: Missing cached shader map for material M_People, compiling. 
[2018.10.06-23.59.59:742][  0]LogShaderCompilers: Display: Shaders left to compile 60
[2018.10.06-23.59.59:742][  0]LogShaderCompilers: Display: Shaders left to compile 50
[2018.10.06-23.59.59:742][  0]LogShaderCompilers: Display: Shaders left to compile 40
[2018.10.07-00.00.00:041][  0]LogMaterial: Display: Missing cached shader map for material M_Eyes, compiling. 
[2018.10.07-00.00.00:193][  0]LogSkeletalMesh: Building Skeletal Mesh SK_Cameleon...
[2018.10.07-00.00.00:713][  0]LogSkeletalMesh: Built Skeletal Mesh [0.52s] /Game/Character/SK_Cameleon.SK_Cameleon
[2018.10.07-00.00.00:966][  0]LogMaterial: Display: Missing cached shader map for material M_Character, compiling. 
[2018.10.07-00.00.01:346][  0]LogAIModule: Creating AISystem for world MAP_Test
[2018.10.07-00.00.22:834][  0]LogEditorServer: Finished looking for orphan Actors (0.000 secs)
[2018.10.07-00.00.25:013][  0]Cmd: MAP CHECKDEP NOCLEARLOG
[2018.10.07-00.00.25:086][  0]MapCheck: Map check complete: 0 Error(s), 0 Warning(s), took 72,175ms to complete.
[2018.10.07-00.00.25:086][  0]LogFileHelpers: Loading map 'MAP_Test' took 55.421
[2018.10.07-00.00.35:208][  0]LogSlate: Updating window title bar state: overlay mode, drag disabled, window buttons hidden, title bar hidden
[2018.10.07-00.00.35:267][  0]LogSlate: Updating window title bar state: overlay mode, drag disabled, window buttons hidden, title bar hidden
[2018.10.07-00.00.35:281][  0]LogSlate: Updating window title bar state: overlay mode, drag disabled, window buttons hidden, title bar hidden
[2018.10.07-00.00.35:298][  0]LogSlate: Updating window title bar state: overlay mode, drag disabled, window buttons hidden, title bar hidden
[2018.10.07-00.00.35:953][  0]LogCollectionManager: Loaded 0 collections in 0.002445 seconds
[2018.10.07-00.00.38:291][  0]LogFileCache: Scanning file cache for directory 'C:/Users/Catherine/Documents/Git/biopunchteam_01/Saved/Collections/' took 0.01s
[2018.10.07-00.00.38:291][  0]LogFileCache: Scanning file cache for directory 'C:/Users/Catherine/Documents/Git/biopunchteam_01/Content/Developers/Catherine/Collections/' took 0.06s
[2018.10.07-00.00.38:291][  0]LogFileCache: Scanning file cache for directory 'C:/Users/Catherine/Documents/Git/biopunchteam_01/Content/Collections/' took 0.01s
[2018.10.07-00.00.38:291][  0]LogCollectionManager: Rebuilt the GUID cache for 0 collections in 0.000000 seconds
[2018.10.07-00.00.38:508][  0]LogContentBrowser: Native class hierarchy populated in 0.1190 seconds. Added 2572 classes and 603 folders.
[2018.10.07-00.00.39:074][  0]LogContentBrowser: Native class hierarchy updated for 'WidgetCarousel' in 0.0006 seconds. Added 0 classes and 0 folders.
[2018.10.07-00.00.44:272][  0]LogShaderCompilers: Display: Shaders left to compile 150
[2018.10.07-00.00.44:272][  0]LogShaderCompilers: Display: Shaders left to compile 140
[2018.10.07-00.00.44:272][  0]LogShaderCompilers: Display: Shaders left to compile 130
[2018.10.07-00.00.44:272][  0]LogContentBrowser: Native class hierarchy updated for 'AddContentDialog' in 0.0005 seconds. Added 0 classes and 0 folders.
[2018.10.07-00.00.44:851][  0]LogContentBrowser: Native class hierarchy updated for 'SceneOutliner' in 0.0005 seconds. Added 1 classes and 2 folders.
[2018.10.07-00.00.48:766][  0]LogShaderCompilers: Display: Shaders left to compile 120
[2018.10.07-00.00.48:766][  0]LogSlate: Took 0.054186 seconds to synchronously load lazily loaded font '../../../Engine/Content/Slate/Fonts/Roboto-Regular.ttf' (155K)
[2018.10.07-00.00.49:159][  0]LogSlate: Took 0.312451 seconds to synchronously load lazily loaded font '../../../Engine/Content/Slate/Fonts/Roboto-Bold.ttf' (160K)
[2018.10.07-00.00.49:742][  0]LogSlate: Took 0.078993 seconds to synchronously load lazily loaded font '../../../Engine/Content/Editor/Slate/Fonts/FontAwesome.ttf' (139K)
[2018.10.07-00.00.52:177][  0]LogShaderCompilers: Display: Shaders left to compile 110
[2018.10.07-00.00.52:177][  0]LogShaderCompilers: Display: Shaders left to compile 100
[2018.10.07-00.00.52:177][  0]LogShaderCompilers: Display: Shaders left to compile 90
[2018.10.07-00.00.52:177][  0]LogRenderer: Reallocating scene render targets to support 756x364 Format 9 NumSamples 1 (Frame:1).
[2018.10.07-00.01.05:992][  0]LogShaderCompilers: Display: Shaders left to compile 80
[2018.10.07-00.01.05:992][  0]LogShaderCompilers: Display: Shaders left to compile 70
[2018.10.07-00.01.05:992][  0]LogShaderCompilers: Display: Shaders left to compile 60
[2018.10.07-00.01.05:992][  0]LogShaderCompilers: Display: Shaders left to compile 50
[2018.10.07-00.01.05:992][  0]LogShaderCompilers: Display: Shaders left to compile 40
[2018.10.07-00.01.05:992][  0]LogShaderCompilers: Display: Shaders left to compile 30
[2018.10.07-00.01.06:156][  0]LogContentBrowser: Native class hierarchy updated for 'HierarchicalLODOutliner' in 0.0005 seconds. Added 0 classes and 0 folders.
[2018.10.07-00.01.06:156][  0]LogLoad: (Engine Initialization) Total time: 462.18 seconds
[2018.10.07-00.01.06:156][  0]LogLoad: (Engine Initialization) Total Blueprint compile time: 0.00 seconds
[2018.10.07-00.01.08:910][  0]LogShaderCompilers: Display: Shaders left to compile 20
[2018.10.07-00.01.08:910][  0]LogShaderCompilers: Display: Shaders left to compile 10
[2018.10.07-00.01.08:910][  0]LogContentStreaming: Texture pool size now 400 MB
[2018.10.07-00.01.10:866][  0]LogSlate: Took 0.078202 seconds to synchronously load lazily loaded font '../../../Engine/Content/Slate/Fonts/Roboto-Light.ttf' (167K)
[2018.10.07-00.01.13:421][  2]LogSlate: Took 0.000413 seconds to synchronously load lazily loaded font '../../../Engine/Content/Slate/Fonts/Roboto-Light.ttf' (167K)
[2018.10.07-00.01.15:153][  5]LogSlate: FSceneViewport::OnFocusLost() reason 0
[2018.10.07-00.01.15:201][  5]LogAssetRegistry: Asset discovery search completed in 394.3169 seconds
[2018.10.07-00.01.15:225][  5]LogCollectionManager: Rebuilt the object cache for 0 collections in 0.000000 seconds (found 0 objects)
[2018.10.07-00.01.15:226][  5]LogCollectionManager: Fixed up redirectors for 0 collections in 0.000111 seconds (updated 0 objects)
[2018.10.07-00.01.20:834][208]LogSlate: FSceneViewport::OnFocusLost() reason 0
[2018.10.07-00.01.35:534][833]LogContentBrowser: Verbose: The majority of assets in the view are of type: Skeleton
[2018.10.07-00.01.38:794][833]LogSlate: Window 'Create Animation Blueprint' being destroyed
[2018.10.07-00.02.05:642][198]LogMetaData: Removing '/Game/Character/ABP_Cameleon.ABP_Cameleon:AnimGraph.AnimGraphNode_Root_0' ref from Metadata '/Game/Character/ABP_MainCharacter.PackageMetaData'
[2018.10.07-00.02.05:642][198]LogMetaData: Removing '/Game/Character/ABP_Cameleon.SKEL_ABP_Cameleon_C' ref from Metadata '/Game/Character/ABP_MainCharacter.PackageMetaData'
[2018.10.07-00.02.05:642][198]LogMetaData: Removing '/Game/Character/ABP_Cameleon.ABP_Cameleon_C' ref from Metadata '/Game/Character/ABP_MainCharacter.PackageMetaData'
[2018.10.07-00.02.05:642][198]LogMetaData: Removing '/Game/Character/ABP_Cameleon.ABP_Cameleon:EventGraph.K2Node_Event_0' ref from Metadata '/Game/Character/ABP_MainCharacter.PackageMetaData'
[2018.10.07-00.02.05:811][198]Cmd: OBJ SAVEPACKAGE PACKAGE="/Game/Character/ABP_Cameleon" FILE="../../../../../../Users/Catherine/Documents/Git/biopunchteam_01/Content/Character/ABP_Cameleon.uasset" SILENT=true
[2018.10.07-00.02.06:053][198]LogSavePackage: Moving '../../../../../../Users/Catherine/Documents/Git/biopunchteam_01/Saved/ABP_Cameleon37DDE93F4F4C5A85D28BE0B6232FE096.tmp' to '../../../../../../Users/Catherine/Documents/Git/biopunchteam_01/Content/Character/ABP_Cameleon.uasset'
[2018.10.07-00.02.07:655][225]LogAssetEditorManager: Opening Asset editor for AnimBlueprint /Game/Character/ABP_Cameleon.ABP_Cameleon
[2018.10.07-00.02.08:379][225]LogContentBrowser: Native class hierarchy updated for 'SkeletonEditor' in 0.0005 seconds. Added 1 classes and 2 folders.
[2018.10.07-00.02.10:551][225]LogActorComponent: RegisterComponentWithWorld: (/Engine/Transient.World_8:PersistentLevel.AnimationEditorPreviewActor_0.DebugSkelMeshComponent_0) Already registered. Aborting.
[2018.10.07-00.02.10:795][225]LogContentBrowser: Native class hierarchy updated for 'PinnedCommandList' in 0.0004 seconds. Added 1 classes and 0 folders.
[2018.10.07-00.02.12:186][225]LogEnum: Warning: Enum name collision: 'PatternsEnum::NewEnumerator0' is in both '/Game/BlueprintsV2/PatternsEnum.PatternsEnum' and '/Game/BlueprintsV2/Enums/PatternsEnum.PatternsEnum'
[2018.10.07-00.02.12:186][225]LogEnum: Warning: Enum name collision: 'PatternsEnum::NewEnumerator1' is in both '/Game/BlueprintsV2/PatternsEnum.PatternsEnum' and '/Game/BlueprintsV2/Enums/PatternsEnum.PatternsEnum'
[2018.10.07-00.02.12:186][225]LogEnum: Warning: Enum name collision: 'PatternsEnum::PatternsEnum_MAX' is in both '/Game/BlueprintsV2/PatternsEnum.PatternsEnum' and '/Game/BlueprintsV2/Enums/PatternsEnum.PatternsEnum'
[2018.10.07-00.02.12:186][225]LogEnum: Warning: Enum name collision: 'PatternsEnum::NewEnumerator0' is in both '/Game/BlueprintsV2/PatternsEnum.PatternsEnum' and '/Game/BlueprintsV2/Enums/PatternsEnum.PatternsEnum'
[2018.10.07-00.02.12:186][225]LogEnum: Warning: Enum name collision: 'PatternsEnum::NewEnumerator1' is in both '/Game/BlueprintsV2/PatternsEnum.PatternsEnum' and '/Game/BlueprintsV2/Enums/PatternsEnum.PatternsEnum'
[2018.10.07-00.02.12:810][225]LogContentBrowser: Native class hierarchy updated for 'BlueprintGraph' in 0.0009 seconds. Added 116 classes and 0 folders.
[2018.10.07-00.02.16:196][225]LogSkeletalMesh: USkeletalMeshComponent::InitArticulated : Bodies already created (/Engine/Transient.World_8:PersistentLevel.AnimationEditorPreviewActor_0.DebugSkelMeshComponent_0) - call TermArticulated first.
[2018.10.07-00.02.19:421][225]LogSlate: Took 0.017167 seconds to synchronously load lazily loaded font '../../../Engine/Content/Slate/Fonts/Roboto-BoldCondensed.ttf' (158K)
[2018.10.07-00.02.19:667][225]LogContentBrowser: Native class hierarchy updated for 'ClothingSystemEditorInterface' in 0.0010 seconds. Added 1 classes and 0 folders.
[2018.10.07-00.02.52:381][768]LogSlate: Took 0.018090 seconds to synchronously load lazily loaded font '../../../Engine/Content/Slate/Fonts/Roboto-Italic.ttf' (157K)
[2018.10.07-00.03.17:004][277]LogSlate: Took 0.014095 seconds to synchronously load lazily loaded font '../../../Engine/Content/Slate/Fonts/Roboto-BoldCondensedItalic.ttf' (160K)
[2018.10.07-00.04.32:010][322]LogLinker: Can't find file '/Game/Mannequin/Animations/ThirdPerson_AnimBP'
[2018.10.07-00.04.32:010][322]LogLinker: Can't find file '/Game/Mannequin/Animations/ThirdPerson_AnimBP'
[2018.10.07-00.05.02:567][697]BlueprintLog: New page: Compile ABP_Cameleon
[2018.10.07-00.06.19:264][746]LogSlate: Window 'Delete Variable' being destroyed
[2018.10.07-00.06.37:769][574]BlueprintLog: New page: Compile ABP_Cameleon
[2018.10.07-00.07.29:276][866]LogSlate: Window 'Reset UI Layout' being destroyed
[2018.10.07-00.07.29:311][867]Cmd: CLOSE_SLATE_MAINFRAME
[2018.10.07-00.07.32:224][867]LogSlate: Window 'Save Content' being destroyed
[2018.10.07-00.07.32:320][867]Cmd: OBJ SAVEPACKAGE PACKAGE="/Game/Character/ABP_Cameleon" FILE="../../../../../../Users/Catherine/Documents/Git/biopunchteam_01/Content/Character/ABP_Cameleon.uasset" SILENT=true
[2018.10.07-00.07.32:385][867]LogSavePackage: Moving '../../../../../../Users/Catherine/Documents/Git/biopunchteam_01/Saved/ABP_CameleonE17534C84F61EE7BA9C55A8A6AA5566D.tmp' to '../../../../../../Users/Catherine/Documents/Git/biopunchteam_01/Content/Character/ABP_Cameleon.uasset'
[2018.10.07-00.07.32:416][867]LogSlate: Window 'ABP_Cameleon' being destroyed
[2018.10.07-00.07.32:810][867]LogSlate: Window 'biopunchteam_01 - Unreal Editor' being destroyed
[2018.10.07-00.07.32:975][868]Cmd: QUIT_EDITOR
[2018.10.07-00.07.33:235][868]LogExit: Preparing to exit.
[2018.10.07-00.07.34:751][868]LogExit: Editor shut down
[2018.10.07-00.07.34:752][868]LogExit: Transaction tracking system shut down
[2018.10.07-00.07.36:870][868]LogExit: Object subsystem successfully closed.
[2018.10.07-00.07.36:978][868]LogShaderCompilers: Display: Shaders left to compile 0
[2018.10.07-00.07.37:033][868]LogD3D11RHI: Shutdown
[2018.10.07-00.07.37:033][868]LogD3D11RHI: CleanupD3DDevice
[2018.10.07-00.07.37:079][868]LogD3D11RHI: ~FD3D11DynamicRHI
[2018.10.07-00.07.37:701][868]LogModuleManager: Shutting down and abandoning module ClothingSystemEditorInterface (620)
[2018.10.07-00.07.37:703][868]LogModuleManager: Shutting down and abandoning module BlueprintGraph (618)
[2018.10.07-00.07.37:703][868]LogModuleManager: Shutting down and abandoning module PinnedCommandList (616)
[2018.10.07-00.07.37:703][868]LogModuleManager: Shutting down and abandoning module SkeletonEditor (614)
[2018.10.07-00.07.37:703][868]LogModuleManager: Shutting down and abandoning module AnimationBlueprintEditor (612)
[2018.10.07-00.07.37:703][868]LogModuleManager: Shutting down and abandoning module HierarchicalLODOutliner (610)
[2018.10.07-00.07.37:703][868]LogModuleManager: Shutting down and abandoning module SceneOutliner (608)
[2018.10.07-00.07.37:712][868]LogModuleManager: Shutting down and abandoning module AddContentDialog (606)
[2018.10.07-00.07.37:713][868]LogModuleManager: Shutting down and abandoning module WidgetCarousel (605)
[2018.10.07-00.07.37:713][868]LogModuleManager: Shutting down and abandoning module EditorWidgets (602)
[2018.10.07-00.07.37:713][868]LogModuleManager: Shutting down and abandoning module CollectionManager (600)
[2018.10.07-00.07.37:723][868]LogModuleManager: Shutting down and abandoning module StatsViewer (598)
[2018.10.07-00.07.37:723][868]LogModuleManager: Shutting down and abandoning module FoliageEdit (596)
[2018.10.07-00.07.37:723][868]LogModuleManager: Shutting down and abandoning module LandscapeEditor (594)
[2018.10.07-00.07.37:758][868]LogModuleManager: Shutting down and abandoning module MeshPaintMode (592)
[2018.10.07-00.07.37:758][868]LogModuleManager: Shutting down and abandoning module SceneDepthPickerMode (590)
[2018.10.07-00.07.37:758][868]LogModuleManager: Shutting down and abandoning module ActorPickerMode (588)
[2018.10.07-00.07.37:758][868]LogModuleManager: Shutting down and abandoning module GeometryMode (586)
[2018.10.07-00.07.37:758][868]LogModuleManager: Shutting down and abandoning module TextureAlignMode (584)
[2018.10.07-00.07.37:758][868]LogModuleManager: Shutting down and abandoning module BspMode (582)
[2018.10.07-00.07.37:758][868]LogModuleManager: Shutting down and abandoning module PIEPreviewDeviceProfileSelector (580)
[2018.10.07-00.07.37:759][868]LogModuleManager: Shutting down and abandoning module SequenceRecorderSections (578)
[2018.10.07-00.07.37:759][868]LogModuleManager: Shutting down and abandoning module AutomationWorker (576)
[2018.10.07-00.07.37:759][868]LogModuleManager: Shutting down and abandoning module AudioCaptureEditor (574)
[2018.10.07-00.07.37:759][868]LogModuleManager: Shutting down and abandoning module SequenceRecorder (573)
[2018.10.07-00.07.37:759][868]LogModuleManager: Shutting down and abandoning module MatineeToLevelSequence (570)
[2018.10.07-00.07.37:759][868]LogModuleManager: Shutting down and abandoning module LevelSequenceEditor (568)
[2018.10.07-00.07.37:778][868]LogModuleManager: Shutting down and abandoning module PlacementMode (567)
[2018.10.07-00.07.37:778][868]LogModuleManager: Shutting down and abandoning module MaterialEditor (566)
[2018.10.07-00.07.37:803][868]LogModuleManager: Shutting down and abandoning module WmfMediaFactory (562)
[2018.10.07-00.07.37:803][868]LogModuleManager: Shutting down and abandoning module WmfMediaEditor (560)
[2018.10.07-00.07.37:803][868]LogModuleManager: Shutting down and abandoning module MediaPlayerEditor (558)
[2018.10.07-00.07.37:803][868]LogModuleManager: Shutting down and abandoning module OpenExrWrapper (556)
[2018.10.07-00.07.37:803][868]LogModuleManager: Shutting down and abandoning module ImgMediaFactory (554)
[2018.10.07-00.07.37:804][868]LogModuleManager: Shutting down and abandoning module ImgMediaEditor (552)
[2018.10.07-00.07.37:804][868]LogModuleManager: Shutting down and abandoning module AvfMediaFactory (550)
[2018.10.07-00.07.37:804][868]LogModuleManager: Shutting down and abandoning module AvfMediaEditor (548)
[2018.10.07-00.07.37:804][868]LogModuleManager: Shutting down and abandoning module AndroidMediaFactory (546)
[2018.10.07-00.07.37:804][868]LogModuleManager: Shutting down and abandoning module AndroidMediaEditor (544)
[2018.10.07-00.07.37:804][868]LogModuleManager: Shutting down and abandoning module MagicLeapCameraPreviewFactory (542)
[2018.10.07-00.07.37:804][868]LogModuleManager: Shutting down and abandoning module MagicLeapMediaFactory (540)
[2018.10.07-00.07.37:804][868]LogModuleManager: Shutting down and abandoning module MagicLeapMediaEditor (538)
[2018.10.07-00.07.37:804][868]LogModuleManager: Shutting down and abandoning module CharacterAI (536)
[2018.10.07-00.07.37:804][868]LogModuleManager: Shutting down and abandoning module SmartSnapping (534)
[2018.10.07-00.07.37:804][868]LogModuleManager: Shutting down and abandoning module SessionServices (532)
[2018.10.07-00.07.37:805][868]LogModuleManager: Shutting down and abandoning module ViewportSnapping (530)
[2018.10.07-00.07.37:805][868]LogModuleManager: Shutting down and abandoning module ViewportInteraction (528)
[2018.10.07-00.07.37:816][868]LogModuleManager: Shutting down and abandoning module ClothPainter (526)
[2018.10.07-00.07.37:850][868]LogModuleManager: Shutting down and abandoning module SkeletalMeshEditor (525)
[2018.10.07-00.07.37:905][868]LogModuleManager: Shutting down and abandoning module LogVisualizer (522)
[2018.10.07-00.07.37:921][868]LogModuleManager: Shutting down and abandoning module IntroTutorials (520)
[2018.10.07-00.07.37:921][868]LogModuleManager: Shutting down and abandoning module GameProjectGeneration (519)
[2018.10.07-00.07.37:923][868]LogModuleManager: Shutting down and abandoning module LuminPlatformEditor (516)
[2018.10.07-00.07.37:923][868]LogModuleManager: Shutting down and abandoning module IOSPlatformEditor (514)
[2018.10.07-00.07.37:923][868]LogModuleManager: Shutting down and abandoning module HTML5PlatformEditor (512)
[2018.10.07-00.07.37:923][868]LogModuleManager: Shutting down and abandoning module AndroidPlatformEditor (510)
[2018.10.07-00.07.37:923][868]LogModuleManager: Shutting down and abandoning module AndroidDeviceDetection (509)
[2018.10.07-00.07.38:857][868]LogModuleManager: Shutting down and abandoning module WindowsPlatformEditor (506)
[2018.10.07-00.07.38:857][868]LogModuleManager: Shutting down and abandoning module LuminRuntimeSettings (504)
[2018.10.07-00.07.38:857][868]LogModuleManager: Shutting down and abandoning module IOSRuntimeSettings (502)
[2018.10.07-00.07.38:857][868]LogModuleManager: Shutting down and abandoning module AndroidRuntimeSettings (500)
[2018.10.07-00.07.38:858][868]LogModuleManager: Shutting down and abandoning module InputBindingEditor (498)
[2018.10.07-00.07.38:882][868]LogModuleManager: Shutting down and abandoning module MergeActors (496)
[2018.10.07-00.07.38:883][868]LogModuleManager: Shutting down and abandoning module LocalizationDashboard (494)
[2018.10.07-00.07.38:897][868]LogModuleManager: Shutting down and abandoning module LocalizationService (493)
[2018.10.07-00.07.38:897][868]LogModuleManager: Shutting down and abandoning module HardwareTargeting (490)
[2018.10.07-00.07.38:897][868]LogModuleManager: Shutting down and abandoning module DeviceProfileEditor (488)
[2018.10.07-00.07.38:897][868]LogModuleManager: Shutting down and abandoning module UndoHistory (486)
[2018.10.07-00.07.38:897][868]LogModuleManager: Shutting down and abandoning module XmlParser (484)
[2018.10.07-00.07.38:897][868]LogModuleManager: Shutting down and abandoning module Blutility (482)
[2018.10.07-00.07.38:898][868]LogModuleManager: Shutting down and abandoning module ProjectSettingsViewer (480)
[2018.10.07-00.07.38:898][868]LogModuleManager: Shutting down and abandoning module ProjectTargetPlatformEditor (479)
[2018.10.07-00.07.38:898][868]LogModuleManager: Shutting down and abandoning module EditorSettingsViewer (476)
[2018.10.07-00.07.38:898][868]LogModuleManager: Shutting down and abandoning module SettingsEditor (474)
[2018.10.07-00.07.38:898][868]LogModuleManager: Shutting down and abandoning module ProjectLauncher (472)
[2018.10.07-00.07.38:924][868]LogModuleManager: Shutting down and abandoning module SessionFrontend (470)
[2018.10.07-00.07.38:924][868]LogModuleManager: Shutting down and abandoning module ProfilerClient (468)
[2018.10.07-00.07.38:938][868]LogModuleManager: Shutting down and abandoning module DeviceManager (466)
[2018.10.07-00.07.38:938][868]LogModuleManager: Shutting down and abandoning module TargetDeviceServices (465)
[2018.10.07-00.07.38:985][868]LogModuleManager: Shutting down and abandoning module AutomationController (462)
[2018.10.07-00.07.38:985][868]LogModuleManager: Shutting down and abandoning module AutomationWindow (460)
[2018.10.07-00.07.39:009][868]LogModuleManager: Shutting down and abandoning module Layers (458)
[2018.10.07-00.07.39:073][868]LogModuleManager: Shutting down and abandoning module ComponentVisualizers (456)
[2018.10.07-00.07.39:073][868]LogModuleManager: Shutting down and abandoning module DetailCustomizations (454)
[2018.10.07-00.07.39:073][868]LogModuleManager: Shutting down and abandoning module PackagesDialog (452)
[2018.10.07-00.07.39:074][868]LogModuleManager: Shutting down and abandoning module Persona (450)
[2018.10.07-00.07.39:074][868]LogModuleManager: Shutting down and abandoning module AdvancedPreviewScene (449)
[2018.10.07-00.07.39:074][868]LogModuleManager: Shutting down and abandoning module AnimGraph (447)
[2018.10.07-00.07.39:074][868]LogModuleManager: Shutting down and abandoning module Kismet (444)
[2018.10.07-00.07.39:083][868]LogModuleManager: Shutting down and abandoning module GraphEditor (442)
[2018.10.07-00.07.39:083][868]LogModuleManager: Shutting down and abandoning module ClassViewer (440)
[2018.10.07-00.07.39:089][868]LogModuleManager: Shutting down and abandoning module Toolbox (438)
[2018.10.07-00.07.39:089][868]LogModuleManager: Shutting down and abandoning module ModuleUI (436)
[2018.10.07-00.07.39:121][868]LogModuleManager: Shutting down and abandoning module MovieSceneTools (434)
[2018.10.07-00.07.39:121][868]LogModuleManager: Shutting down and abandoning module OutputLog (432)
[2018.10.07-00.07.39:121][868]LogModuleManager: Shutting down and abandoning module GammaUI (430)
[2018.10.07-00.07.39:146][868]LogModuleManager: Shutting down and abandoning module Documentation (428)
[2018.10.07-00.07.39:146][868]LogModuleManager: Shutting down and abandoning module MovieSceneTracks (426)
[2018.10.07-00.07.39:168][868]LogModuleManager: Shutting down and abandoning module MovieScene (424)
[2018.10.07-00.07.39:169][868]LogModuleManager: Shutting down and abandoning module StreamingPauseRendering (422)
[2018.10.07-00.07.39:169][868]LogModuleManager: Shutting down and abandoning module LauncherPlatform (420)
[2018.10.07-00.07.39:169][868]LogModuleManager: Shutting down and abandoning module AnalyticsET (418)
[2018.10.07-00.07.39:170][868]LogModuleManager: Shutting down and abandoning module PortalServices (416)
[2018.10.07-00.07.39:170][868]LogModuleManager: Shutting down and abandoning module PortalRpc (414)
[2018.10.07-00.07.39:170][868]LogModuleManager: Shutting down and abandoning module MessagingRpc (412)
[2018.10.07-00.07.39:170][868]LogModuleManager: Shutting down and abandoning module AIModule (410)
[2018.10.07-00.07.39:170][868]LogModuleManager: Shutting down and abandoning module GameplayDebugger (409)
[2018.10.07-00.07.39:170][868]LogModuleManager: Shutting down and abandoning module AITestSuite (407)
[2018.10.07-00.07.39:170][868]LogModuleManager: Shutting down and abandoning module NavigationSystem (405)
[2018.10.07-00.07.39:170][868]LogModuleManager: Shutting down and abandoning module DesktopPlatform (402)
[2018.10.07-00.07.39:170][868]LogModuleManager: Shutting down and abandoning module ProfilerService (400)
[2018.10.07-00.07.39:298][868]LogModuleManager: Shutting down and abandoning module TaskGraph (398)
[2018.10.07-00.07.39:298][868]LogModuleManager: Shutting down and abandoning module SteamVRController (396)
[2018.10.07-00.07.39:298][868]LogModuleManager: Shutting down and abandoning module ProceduralMeshComponentEditor (394)
[2018.10.07-00.07.39:298][868]LogModuleManager: Shutting down and abandoning module ProceduralMeshComponent (392)
[2018.10.07-00.07.39:298][868]LogModuleManager: Shutting down and abandoning module OculusInput (390)
[2018.10.07-00.07.39:298][868]LogModuleManager: Shutting down and abandoning module MobilePatchingUtils (388)
[2018.10.07-00.07.39:298][868]LogModuleManager: Shutting down and abandoning module EditableMesh (386)
[2018.10.07-00.07.39:298][868]LogModuleManager: Shutting down and abandoning module CustomMeshComponent (384)
[2018.10.07-00.07.39:298][868]LogModuleManager: Shutting down and abandoning module CableComponent (382)
[2018.10.07-00.07.39:298][868]LogModuleManager: Shutting down and abandoning module AudioCapture (380)
[2018.10.07-00.07.39:298][868]LogModuleManager: Shutting down and abandoning module ArchVisCharacter (378)
[2018.10.07-00.07.39:298][868]LogModuleManager: Shutting down and abandoning module AndroidPermission (376)
[2018.10.07-00.07.39:299][868]LogModuleManager: Shutting down and abandoning module NUTUnrealEngine4 (374)
[2018.10.07-00.07.39:299][868]LogModuleManager: Shutting down and abandoning module NetcodeUnitTest (372)
[2018.10.07-00.07.39:324][868]LogModuleManager: Shutting down and abandoning module MediaCompositingEditor (370)
[2018.10.07-00.07.39:324][868]LogModuleManager: Shutting down and abandoning module MediaCompositing (368)
[2018.10.07-00.07.39:324][868]LogModuleManager: Shutting down and abandoning module LinearTimecode (366)
[2018.10.07-00.07.39:324][868]LogModuleManager: Shutting down and abandoning module ImgMedia (364)
[2018.10.07-00.07.39:353][868]LogModuleManager: Shutting down and abandoning module HTML5Networking (362)
[2018.10.07-00.07.39:353][868]LogModuleManager: Shutting down and abandoning module GeometryCacheTracks (360)
[2018.10.07-00.07.39:353][868]LogModuleManager: Shutting down and abandoning module GeometryCacheSequencer (358)
[2018.10.07-00.07.39:353][868]LogModuleManager: Shutting down and abandoning module BackChannel (356)
[2018.10.07-00.07.39:353][868]LogModuleManager: Shutting down and abandoning module AppleVision (354)
[2018.10.07-00.07.39:353][868]LogModuleManager: Shutting down and abandoning module AppleImageUtils (352)
[2018.10.07-00.07.39:353][868]LogModuleManager: Shutting down and abandoning module AlembicImporter (350)
[2018.10.07-00.07.39:353][868]LogModuleManager: Shutting down and abandoning module AlembicLibrary (349)
[2018.10.07-00.07.39:353][868]LogModuleManager: Shutting down and abandoning module GeometryCache (348)
[2018.10.07-00.07.39:353][868]LogModuleManager: Shutting down and abandoning module GeometryCacheEd (347)
[2018.10.07-00.07.39:353][868]LogModuleManager: Shutting down and abandoning module DatasmithContentEditor (342)
[2018.10.07-00.07.39:353][868]LogModuleManager: Shutting down and abandoning module DatasmithContent (340)
[2018.10.07-00.07.39:354][868]LogModuleManager: Shutting down and abandoning module SpeedTreeImporter (338)
[2018.10.07-00.07.39:354][868]LogModuleManager: Shutting down and abandoning module PluginBrowser (336)
[2018.10.07-00.07.39:372][868]LogModuleManager: Shutting down and abandoning module MobileLauncherProfileWizard (334)
[2018.10.07-00.07.39:400][868]LogModuleManager: Shutting down and abandoning module PolygonModeling (332)
[2018.10.07-00.07.39:400][868]LogModuleManager: Shutting down and abandoning module MeshEditor (330)
[2018.10.07-00.07.39:400][868]LogModuleManager: Shutting down and abandoning module CryptoKeysOpenSSL (328)
[2018.10.07-00.07.39:401][868]LogModuleManager: Shutting down and abandoning module CryptoKeys (326)
[2018.10.07-00.07.39:401][868]LogModuleManager: Shutting down and abandoning module VisualStudioSourceCodeAccess (324)
[2018.10.07-00.07.39:401][868]LogModuleManager: Shutting down and abandoning module VisualStudioCodeSourceCodeAccess (322)
[2018.10.07-00.07.39:401][868]LogModuleManager: Shutting down and abandoning module UObjectPlugin (320)
[2018.10.07-00.07.39:402][868]LogModuleManager: Shutting down and abandoning module SubversionSourceControl (318)
[2018.10.07-00.07.39:402][868]LogModuleManager: Shutting down and abandoning module PerforceSourceControl (316)
[2018.10.07-00.07.39:425][868]LogModuleManager: Shutting down and abandoning module GitSourceControl (314)
[2018.10.07-00.07.39:426][868]LogModuleManager: Shutting down and abandoning module SourceControl (313)
[2018.10.07-00.07.39:426][868]LogModuleManager: Shutting down and abandoning module CLionSourceCodeAccess (310)
[2018.10.07-00.07.39:426][868]LogModuleManager: Shutting down and abandoning module LightPropagationVolumeEditor (308)
[2018.10.07-00.07.39:426][868]LogModuleManager: Shutting down and abandoning module PaperTiledImporter (306)
[2018.10.07-00.07.39:426][868]LogModuleManager: Shutting down and abandoning module PaperSpriteSheetImporter (304)
[2018.10.07-00.07.39:426][868]LogModuleManager: Shutting down and abandoning module Paper2DEditor (302)
[2018.10.07-00.07.39:461][868]LogModuleManager: Shutting down and abandoning module MeshPaint (301)
[2018.10.07-00.07.39:461][868]LogModuleManager: Shutting down and abandoning module RuntimePhysXCooking (298)
[2018.10.07-00.07.39:461][868]LogModuleManager: Shutting down and abandoning module PhysXVehiclesEditor (296)
[2018.10.07-00.07.39:461][868]LogModuleManager: Shutting down and abandoning module PhysXVehicles (294)
[2018.10.07-00.07.39:461][868]LogModuleManager: Shutting down and abandoning module OculusEditor (292)
[2018.10.07-00.07.39:461][868]LogModuleManager: Shutting down and abandoning module LocationServicesBPLibrary (290)
[2018.10.07-00.07.39:462][868]LogModuleManager: Shutting down and abandoning module ImmediatePhysicsEditor (288)
[2018.10.07-00.07.39:463][868]LogModuleManager: Shutting down and abandoning module ImmediatePhysics (286)
[2018.10.07-00.07.39:463][868]LogModuleManager: Shutting down and abandoning module ActorSequence (284)
[2018.10.07-00.07.39:463][868]LogModuleManager: Shutting down and abandoning module UdpMessaging (282)
[2018.10.07-00.07.39:563][868]LogModuleManager: Shutting down and abandoning module TcpMessaging (280)
[2018.10.07-00.07.39:663][868]LogModuleManager: Shutting down and abandoning module MagicLeapAudio (278)
[2018.10.07-00.07.39:663][868]LogModuleManager: Shutting down and abandoning module GameplayTagsEditor (276)
[2018.10.07-00.07.39:726][868]LogModuleManager: Shutting down and abandoning module FacialAnimationEditor (274)
[2018.10.07-00.07.39:726][868]LogModuleManager: Shutting down and abandoning module FacialAnimation (272)
[2018.10.07-00.07.39:726][868]LogModuleManager: Shutting down and abandoning module DataValidation (270)
[2018.10.07-00.07.39:726][868]LogModuleManager: Shutting down and abandoning module AssetManagerEditor (268)
[2018.10.07-00.07.39:754][868]LogModuleManager: Shutting down and abandoning module LevelEditor (267)
[2018.10.07-00.07.39:775][868]LogModuleManager: Shutting down and abandoning module PixelInspectorModule (266)
[2018.10.07-00.07.39:775][868]LogModuleManager: Shutting down and abandoning module CommonMenuExtensions (264)
[2018.10.07-00.07.39:776][868]LogModuleManager: Shutting down and abandoning module MainFrame (262)
[2018.10.07-00.07.39:776][868]LogModuleManager: Shutting down and abandoning module HotReload (261)
[2018.10.07-00.07.39:776][868]LogModuleManager: Shutting down and abandoning module ContentBrowser (257)
[2018.10.07-00.07.39:778][868]LogModuleManager: Shutting down and abandoning module TreeMap (255)
[2018.10.07-00.07.39:778][868]LogModuleManager: Shutting down and abandoning module LightPropagationVolumeRuntime (252)
[2018.10.07-00.07.39:778][868]LogModuleManager: Shutting down and abandoning module AISupportModule (250)
[2018.10.07-00.07.39:778][868]LogModuleManager: Shutting down and abandoning module Paper2D (248)
[2018.10.07-00.07.39:778][868]LogModuleManager: Shutting down and abandoning module WindowsMoviePlayer (246)
[2018.10.07-00.07.39:778][868]LogModuleManager: Shutting down and abandoning module WmfMedia (244)
[2018.10.07-00.07.39:821][868]LogModuleManager: Shutting down and abandoning module Media (243)
[2018.10.07-00.07.39:827][868]LogModuleManager: Shutting down and abandoning module PacketHandler (240)
[2018.10.07-00.07.39:828][868]LogModuleManager: Shutting down and abandoning module ClothingSystemEditor (238)
[2018.10.07-00.07.39:828][868]LogModuleManager: Shutting down and abandoning module ClothingSystemRuntime (236)
[2018.10.07-00.07.39:846][868]LogModuleManager: Shutting down and abandoning module MediaAssets (234)
[2018.10.07-00.07.39:847][868]LogModuleManager: Shutting down and abandoning module Overlay (232)
[2018.10.07-00.07.39:847][868]LogModuleManager: Shutting down and abandoning module OverlayEditor (231)
[2018.10.07-00.07.39:847][868]LogModuleManager: Shutting down and abandoning module VREditor (228)
[2018.10.07-00.07.39:888][868]LogModuleManager: Shutting down and abandoning module StringTableEditor (226)
[2018.10.07-00.07.39:921][868]LogModuleManager: Shutting down and abandoning module GameplayTasksEditor (224)
[2018.10.07-00.07.39:921][868]LogModuleManager: Shutting down and abandoning module BehaviorTreeEditor (222)
[2018.10.07-00.07.39:956][868]LogModuleManager: Shutting down and abandoning module FunctionalTesting (220)
[2018.10.07-00.07.39:956][868]LogModuleManager: Shutting down and abandoning module CollisionAnalyzer (218)
[2018.10.07-00.07.39:956][868]LogModuleManager: Shutting down and abandoning module WorkspaceMenuStructure (217)
[2018.10.07-00.07.39:957][868]LogModuleManager: Shutting down and abandoning module UMG (214)
[2018.10.07-00.07.39:988][868]LogModuleManager: Shutting down and abandoning module UMGEditor (213)
[2018.10.07-00.07.40:016][868]LogModuleManager: Shutting down and abandoning module Sequencer (212)
[2018.10.07-00.07.40:051][868]LogModuleManager: Shutting down and abandoning module MessageLog (209)
[2018.10.07-00.07.40:051][868]LogModuleManager: Shutting down and abandoning module SlateReflector (204)
[2018.10.07-00.07.40:098][868]LogModuleManager: Shutting down and abandoning module Slate (202)
[2018.10.07-00.07.40:098][868]LogModuleManager: Shutting down and abandoning module EditorStyle (200)
[2018.10.07-00.07.40:111][868]LogModuleManager: Shutting down and abandoning module MRMesh (198)
[2018.10.07-00.07.40:111][868]LogModuleManager: Shutting down and abandoning module SourceCodeAccess (196)
[2018.10.07-00.07.40:111][868]LogModuleManager: Shutting down and abandoning module HeadMountedDisplay (194)
[2018.10.07-00.07.40:111][868]LogModuleManager: Shutting down and abandoning module XAudio2 (192)
[2018.10.07-00.07.40:111][868]LogModuleManager: Shutting down and abandoning module Networking (190)
[2018.10.07-00.07.40:111][868]LogModuleManager: Shutting down and abandoning module Core (188)
[2018.10.07-00.07.40:111][868]LogModuleManager: Shutting down and abandoning module LevelSequence (186)
[2018.10.07-00.07.40:111][868]LogModuleManager: Shutting down and abandoning module KismetCompiler (184)
[2018.10.07-00.07.40:111][868]LogModuleManager: Shutting down and abandoning module MeshUtilities (182)
[2018.10.07-00.07.40:154][868]LogModuleManager: Shutting down and abandoning module MeshMergeUtilities (181)
[2018.10.07-00.07.40:154][868]LogModuleManager: Shutting down and abandoning module MeshReductionInterface (180)
[2018.10.07-00.07.40:155][868]LogModuleManager: Shutting down and abandoning module SimplygonSwarm (179)
[2018.10.07-00.07.40:180][868]LogModuleManager: Shutting down and abandoning module ProxyLODMeshReduction (177)
[2018.10.07-00.07.40:229][868]LogModuleManager: Shutting down and abandoning module SimplygonMeshReduction (175)
[2018.10.07-00.07.40:229][868]LogModuleManager: Shutting down and abandoning module QuadricMeshReduction (173)
[2018.10.07-00.07.40:259][868]LogModuleManager: Shutting down and abandoning module MaterialBaking (169)
[2018.10.07-00.07.40:289][868]LogModuleManager: Shutting down and abandoning module DirectoryWatcher (165)
[2018.10.07-00.07.40:289][868]LogModuleManager: Shutting down and abandoning module DerivedDataCache (162)
[2018.10.07-00.07.40:316][868]LogDerivedDataCache: Shutdown
[2018.10.07-00.07.40:317][868]LogModuleManager: Shutting down and abandoning module XGEController (160)
[2018.10.07-00.07.40:317][868]LogXGEController: Cleaning working directory: C:/Users/Catherine/AppData/Local/Temp/UnrealXGEWorkingDir/
[2018.10.07-00.07.40:318][868]LogModuleManager: Shutting down and abandoning module TargetPlatform (158)
[2018.10.07-00.07.40:318][868]LogModuleManager: Shutting down and abandoning module VulkanShaderFormat (157)
[2018.10.07-00.07.40:318][868]LogModuleManager: Shutting down and abandoning module ShaderFormatVectorVM (155)
[2018.10.07-00.07.40:318][868]LogModuleManager: Shutting down and abandoning module ShaderFormatOpenGL (153)
[2018.10.07-00.07.40:341][868]LogModuleManager: Shutting down and abandoning module ShaderFormatD3D (151)
[2018.10.07-00.07.40:341][868]LogModuleManager: Shutting down and abandoning module MetalShaderFormat (149)
[2018.10.07-00.07.40:387][868]LogModuleManager: Shutting down and abandoning module TextureFormatUncompressed (147)
[2018.10.07-00.07.40:387][868]LogModuleManager: Shutting down and abandoning module TextureFormatPVR (145)
[2018.10.07-00.07.40:387][868]LogModuleManager: Shutting down and abandoning module TextureFormatDXT (143)
[2018.10.07-00.07.40:387][868]LogModuleManager: Shutting down and abandoning module TextureFormatIntelISPCTexComp (141)
[2018.10.07-00.07.40:388][868]LogModuleManager: Shutting down and abandoning module TextureFormatASTC (139)
[2018.10.07-00.07.40:388][868]LogModuleManager: Shutting down and abandoning module ImageWrapper (138)
[2018.10.07-00.07.40:389][868]LogModuleManager: Shutting down and abandoning module TextureFormatAndroid (135)
[2018.10.07-00.07.40:389][868]LogModuleManager: Shutting down and abandoning module AudioFormatOpus (133)
[2018.10.07-00.07.40:389][868]LogModuleManager: Shutting down and abandoning module AudioFormatOgg (131)
[2018.10.07-00.07.40:389][868]LogModuleManager: Shutting down and abandoning module AudioFormatADPCM (129)
[2018.10.07-00.07.40:389][868]LogModuleManager: Shutting down and abandoning module LuminTargetPlatform (127)
[2018.10.07-00.07.40:389][868]LogModuleManager: Shutting down and abandoning module LinuxTargetPlatform (125)
[2018.10.07-00.07.40:390][868]LogModuleManager: Shutting down and abandoning module LinuxServerTargetPlatform (123)
[2018.10.07-00.07.40:390][868]LogModuleManager: Shutting down and abandoning module LinuxNoEditorTargetPlatform (121)
[2018.10.07-00.07.40:390][868]LogModuleManager: Shutting down and abandoning module LinuxClientTargetPlatform (119)
[2018.10.07-00.07.40:390][868]LogModuleManager: Shutting down and abandoning module TVOSTargetPlatform (117)
[2018.10.07-00.07.40:391][868]LogModuleManager: Shutting down and abandoning module Messaging (115)
[2018.10.07-00.07.40:391][868]LogModuleManager: Shutting down and abandoning module IOSTargetPlatform (113)
[2018.10.07-00.07.40:393][868]LogModuleManager: Shutting down and abandoning module HTML5TargetPlatform (111)
[2018.10.07-00.07.40:393][868]LogModuleManager: Shutting down and abandoning module AndroidTargetPlatform (109)
[2018.10.07-00.07.40:415][868]LogModuleManager: Shutting down and abandoning module WindowsTargetPlatform (107)
[2018.10.07-00.07.40:415][868]LogModuleManager: Shutting down and abandoning module WindowsServerTargetPlatform (105)
[2018.10.07-00.07.40:415][868]LogModuleManager: Shutting down and abandoning module WindowsNoEditorTargetPlatform (103)
[2018.10.07-00.07.40:415][868]LogModuleManager: Shutting down and abandoning module WindowsClientTargetPlatform (101)
[2018.10.07-00.07.40:415][868]LogModuleManager: Shutting down and abandoning module MacTargetPlatform (99)
[2018.10.07-00.07.40:415][868]LogModuleManager: Shutting down and abandoning module MacServerTargetPlatform (97)
[2018.10.07-00.07.40:415][868]LogModuleManager: Shutting down and abandoning module MacNoEditorTargetPlatform (95)
[2018.10.07-00.07.40:415][868]LogModuleManager: Shutting down and abandoning module MacClientTargetPlatform (93)
[2018.10.07-00.07.40:415][868]LogModuleManager: Shutting down and abandoning module AllDesktopTargetPlatform (91)
[2018.10.07-00.07.40:415][868]LogModuleManager: Shutting down and abandoning module InputCore (88)
[2018.10.07-00.07.40:416][868]LogModuleManager: Shutting down and abandoning module Settings (86)
[2018.10.07-00.07.40:416][868]LogModuleManager: Shutting down and abandoning module PhysXCooking (84)
[2018.10.07-00.07.40:416][868]LogModuleManager: Shutting down and abandoning module SteamVR (82)
[2018.10.07-00.07.40:416][868]LogModuleManager: Shutting down and abandoning module OculusHMD (80)
[2018.10.07-00.07.40:416][868]LogModuleManager: Shutting down and abandoning module ExampleDeviceProfileSelector (78)
[2018.10.07-00.07.40:416][868]LogModuleManager: Shutting down and abandoning module LauncherChunkInstaller (76)
[2018.10.07-00.07.40:416][868]LogModuleManager: Shutting down and abandoning module OnlineBlueprintSupport (74)
[2018.10.07-00.07.40:416][868]LogModuleManager: Shutting down and abandoning module OnlineSubsystem (70)
[2018.10.07-00.07.40:540][868]LogModuleManager: Shutting down and abandoning module XMPP (65)
[2018.10.07-00.07.40:603][868]LogModuleManager: Shutting down and abandoning module WebSockets (64)
[2018.10.07-00.07.40:680][868]LogModuleManager: Shutting down and abandoning module HTTP (61)
[2018.10.07-00.07.40:680][868]LogHttp: Display: Http module shutting down, but needs to wait on 2 outstanding Http requests:
[2018.10.07-00.07.40:680][868]LogHttp: Display: 	verb=[POST] url=[https://datarouter.ol.epicgames.com/datarouter/api/v1/public/data?SessionID=%7BC693527D-4F63-D529-48CF-669F72CDC877%7D&AppID=UEEditor.Rocket.Release&AppVersion=4.20.3-4369336%2B%2B%2BUE4%2BRelease-4.20&UserID=44b585dd4b0a218a489291ba3f61e3f7%7Cec6dcf5915ab4b8fb234ba7abedcb0da%7Ca920765c-42dc-440c-88ec-72dce223f0a8&AppEnvironment=datacollector-binary&UploadType=eteventstream] status=Processing
[2018.10.07-00.07.40:680][868]LogHttp: Display: 	verb=[POST] url=[https://datarouter.ol.epicgames.com/datarouter/api/v1/public/data?SessionID=%7BC693527D-4F63-D529-48CF-669F72CDC877%7D&AppID=UEEditor.Rocket.Release&AppVersion=4.20.3-4369336%2B%2B%2BUE4%2BRelease-4.20&UserID=44b585dd4b0a218a489291ba3f61e3f7%7Cec6dcf5915ab4b8fb234ba7abedcb0da%7Ca920765c-42dc-440c-88ec-72dce223f0a8&AppEnvironment=datacollector-binary&UploadType=eteventstream] status=Processing
[2018.10.07-00.07.40:693][868]LogModuleManager: Shutting down and abandoning module SSL (60)
[2018.10.07-00.07.40:695][868]LogModuleManager: Shutting down and abandoning module MagicLeapEmulator (56)
[2018.10.07-00.07.40:695][868]LogModuleManager: Shutting down and abandoning module MagicLeapPrivileges (54)
[2018.10.07-00.07.40:695][868]LogModuleManager: Shutting down and abandoning module MagicLeapIdentity (52)
[2018.10.07-00.07.40:695][868]LogModuleManager: Shutting down and abandoning module MagicLeapHelperVulkan (50)
[2018.10.07-00.07.40:695][868]LogModuleManager: Shutting down and abandoning module MagicLeapHelperOpenGL (48)
[2018.10.07-00.07.40:695][868]LogModuleManager: Shutting down and abandoning module MagicLeapSecureStorage (46)
[2018.10.07-00.07.40:695][868]LogModuleManager: Shutting down and abandoning module MagicLeapGestures (44)
[2018.10.07-00.07.40:695][868]LogModuleManager: Shutting down and abandoning module MagicLeapEyeTracker (42)
[2018.10.07-00.07.40:695][868]LogModuleManager: Shutting down and abandoning module MagicLeapController (40)
[2018.10.07-00.07.40:696][868]LogSlate: Slate User Destroyed.  User Index 0, Is Virtual User: 0
[2018.10.07-00.07.40:696][868]LogModuleManager: Shutting down and abandoning module MagicLeap (38)
[2018.10.07-00.07.40:696][868]LogModuleManager: Shutting down and abandoning module AnimationModifiers (36)
[2018.10.07-00.07.40:720][868]LogModuleManager: Shutting down and abandoning module PropertyEditor (35)
[2018.10.07-00.07.40:720][868]LogModuleManager: Shutting down and abandoning module AudioEditor (32)
[2018.10.07-00.07.40:746][868]LogModuleManager: Shutting down and abandoning module TextureCompressor (30)
[2018.10.07-00.07.40:746][868]LogModuleManager: Shutting down and abandoning module ShaderCore (28)
[2018.10.07-00.07.40:746][868]LogModuleManager: Shutting down and abandoning module Landscape (26)
[2018.10.07-00.07.40:746][868]LogModuleManager: Shutting down and abandoning module SlateRHIRenderer (24)
[2018.10.07-00.07.40:759][868]LogModuleManager: Shutting down and abandoning module OpenGLDrv (22)
[2018.10.07-00.07.40:772][868]LogModuleManager: Shutting down and abandoning module D3D11RHI (20)
[2018.10.07-00.07.40:772][868]LogModuleManager: Shutting down and abandoning module AnimGraphRuntime (18)
[2018.10.07-00.07.40:772][868]LogModuleManager: Shutting down and abandoning module Renderer (16)
[2018.10.07-00.07.40:772][868]LogModuleManager: Shutting down and abandoning module Engine (14)
[2018.10.07-00.07.40:772][868]LogModuleManager: Shutting down and abandoning module CoreUObject (12)
[2018.10.07-00.07.40:772][868]LogModuleManager: Shutting down and abandoning module NetworkFile (10)
[2018.10.07-00.07.40:773][868]LogModuleManager: Shutting down and abandoning module CookedIterativeFile (8)
[2018.10.07-00.07.40:773][868]LogModuleManager: Shutting down and abandoning module StreamingFile (6)
[2018.10.07-00.07.40:773][868]LogModuleManager: Shutting down and abandoning module SandboxFile (4)
[2018.10.07-00.07.40:773][868]LogModuleManager: Shutting down and abandoning module PakFile (2)
[2018.10.07-00.07.40:779][868]LogExit: Exiting.
[2018.10.07-00.07.40:831][868]Log file closed, 10/06/18 20:07:40
